{"numFailedTestSuites":3,"numFailedTests":27,"numPassedTestSuites":16,"numPassedTests":307,"numPendingTestSuites":0,"numPendingTests":0,"numRuntimeErrorTestSuites":2,"numTodoTests":0,"numTotalTestSuites":19,"numTotalTests":334,"openHandles":[],"snapshot":{"added":0,"didUpdate":false,"failure":false,"filesAdded":0,"filesRemoved":0,"filesRemovedList":[],"filesUnmatched":0,"filesUpdated":0,"matched":0,"total":0,"unchecked":0,"uncheckedKeysByFile":[],"unmatched":0,"updated":0},"startTime":1757034594437,"success":false,"testResults":[{"assertionResults":[{"ancestorTitles":["cpf","isValidCPF"],"duration":17,"failureDetails":[],"failureMessages":[],"fullName":"cpf isValidCPF deve validar CPF válido sem formatação","invocations":1,"location":null,"numPassingAsserts":3,"retryReasons":[],"status":"passed","title":"deve validar CPF válido sem formatação"},{"ancestorTitles":["cpf","isValidCPF"],"duration":3,"failureDetails":[],"failureMessages":[],"fullName":"cpf isValidCPF deve validar CPF válido com formatação","invocations":1,"location":null,"numPassingAsserts":3,"retryReasons":[],"status":"passed","title":"deve validar CPF válido com formatação"},{"ancestorTitles":["cpf","isValidCPF"],"duration":2,"failureDetails":[],"failureMessages":[],"fullName":"cpf isValidCPF deve rejeitar CPF com menos de 11 dígitos","invocations":1,"location":null,"numPassingAsserts":4,"retryReasons":[],"status":"passed","title":"deve rejeitar CPF com menos de 11 dígitos"},{"ancestorTitles":["cpf","isValidCPF"],"duration":1,"failureDetails":[],"failureMessages":[],"fullName":"cpf isValidCPF deve rejeitar CPF com mais de 11 dígitos","invocations":1,"location":null,"numPassingAsserts":2,"retryReasons":[],"status":"passed","title":"deve rejeitar CPF com mais de 11 dígitos"},{"ancestorTitles":["cpf","isValidCPF"],"duration":2,"failureDetails":[],"failureMessages":[],"fullName":"cpf isValidCPF deve rejeitar CPF com todos os dígitos iguais","invocations":1,"location":null,"numPassingAsserts":10,"retryReasons":[],"status":"passed","title":"deve rejeitar CPF com todos os dígitos iguais"},{"ancestorTitles":["cpf","isValidCPF"],"duration":1,"failureDetails":[],"failureMessages":[],"fullName":"cpf isValidCPF deve rejeitar CPF com dígitos verificadores incorretos","invocations":1,"location":null,"numPassingAsserts":3,"retryReasons":[],"status":"passed","title":"deve rejeitar CPF com dígitos verificadores incorretos"},{"ancestorTitles":["cpf","isValidCPF"],"duration":1,"failureDetails":[],"failureMessages":[],"fullName":"cpf isValidCPF deve lidar com CPF contendo caracteres não numéricos","invocations":1,"location":null,"numPassingAsserts":4,"retryReasons":[],"status":"passed","title":"deve lidar com CPF contendo caracteres não numéricos"},{"ancestorTitles":["cpf","isValidCPF"],"duration":22,"failureDetails":[],"failureMessages":[],"fullName":"cpf isValidCPF deve rejeitar entrada null ou undefined","invocations":1,"location":null,"numPassingAsserts":2,"retryReasons":[],"status":"passed","title":"deve rejeitar entrada null ou undefined"},{"ancestorTitles":["cpf","isValidCPF"],"duration":2,"failureDetails":[],"failureMessages":[],"fullName":"cpf isValidCPF deve validar CPFs conhecidos válidos","invocations":1,"location":null,"numPassingAsserts":3,"retryReasons":[],"status":"passed","title":"deve validar CPFs conhecidos válidos"},{"ancestorTitles":["cpf","isValidCPF"],"duration":1,"failureDetails":[],"failureMessages":[],"fullName":"cpf isValidCPF deve rejeitar CPFs conhecidos inválidos","invocations":1,"location":null,"numPassingAsserts":3,"retryReasons":[],"status":"passed","title":"deve rejeitar CPFs conhecidos inválidos"},{"ancestorTitles":["cpf","isValidCPF"],"duration":1,"failureDetails":[],"failureMessages":[],"fullName":"cpf isValidCPF deve lidar com strings vazias e espaços","invocations":1,"location":null,"numPassingAsserts":3,"retryReasons":[],"status":"passed","title":"deve lidar com strings vazias e espaços"},{"ancestorTitles":["cpf","isValidCPF"],"duration":1,"failureDetails":[],"failureMessages":[],"fullName":"cpf isValidCPF deve validar CPF com zeros à esquerda","invocations":1,"location":null,"numPassingAsserts":2,"retryReasons":[],"status":"passed","title":"deve validar CPF com zeros à esquerda"}],"endTime":1757034596715,"message":"","name":"C:\\Users\\h40040\\Projetos\\EnigmaCrush\\enigma-crush-backend\\tests\\lib\\cpf.test.js","startTime":1757034595427,"status":"passed","summary":""},{"assertionResults":[{"ancestorTitles":["apigratis-cpf","validateCPF_ApiGratis"],"duration":19,"failureDetails":[],"failureMessages":[],"fullName":"apigratis-cpf validateCPF_ApiGratis deve validar CPF com sucesso quando API retorna dados válidos","invocations":1,"location":null,"numPassingAsserts":2,"retryReasons":[],"status":"passed","title":"deve validar CPF com sucesso quando API retorna dados válidos"},{"ancestorTitles":["apigratis-cpf","validateCPF_ApiGratis"],"duration":2,"failureDetails":[],"failureMessages":[],"fullName":"apigratis-cpf validateCPF_ApiGratis deve rejeitar CPF quando pessoa tem menos de 16 anos","invocations":1,"location":null,"numPassingAsserts":1,"retryReasons":[],"status":"passed","title":"deve rejeitar CPF quando pessoa tem menos de 16 anos"},{"ancestorTitles":["apigratis-cpf","validateCPF_ApiGratis"],"duration":1,"failureDetails":[],"failureMessages":[],"fullName":"apigratis-cpf validateCPF_ApiGratis deve aceitar CPF quando pessoa tem exatamente 16 anos","invocations":1,"location":null,"numPassingAsserts":1,"retryReasons":[],"status":"passed","title":"deve aceitar CPF quando pessoa tem exatamente 16 anos"},{"ancestorTitles":["apigratis-cpf","validateCPF_ApiGratis"],"duration":0,"failureDetails":[],"failureMessages":[],"fullName":"apigratis-cpf validateCPF_ApiGratis deve retornar inválido quando API retorna status false","invocations":1,"location":null,"numPassingAsserts":1,"retryReasons":[],"status":"passed","title":"deve retornar inválido quando API retorna status false"},{"ancestorTitles":["apigratis-cpf","validateCPF_ApiGratis"],"duration":1,"failureDetails":[],"failureMessages":[],"fullName":"apigratis-cpf validateCPF_ApiGratis deve retornar inválido quando API não retorna resultado","invocations":1,"location":null,"numPassingAsserts":1,"retryReasons":[],"status":"passed","title":"deve retornar inválido quando API não retorna resultado"},{"ancestorTitles":["apigratis-cpf","validateCPF_ApiGratis"],"duration":1,"failureDetails":[],"failureMessages":[],"fullName":"apigratis-cpf validateCPF_ApiGratis deve tratar erro da API corretamente","invocations":1,"location":null,"numPassingAsserts":1,"retryReasons":[],"status":"passed","title":"deve tratar erro da API corretamente"},{"ancestorTitles":["apigratis-cpf","validateCPF_ApiGratis"],"duration":1,"failureDetails":[],"failureMessages":[],"fullName":"apigratis-cpf validateCPF_ApiGratis deve tratar data de nascimento sem dados","invocations":1,"location":null,"numPassingAsserts":1,"retryReasons":[],"status":"passed","title":"deve tratar data de nascimento sem dados"},{"ancestorTitles":["apigratis-cpf","validateCPF_ApiGratis"],"duration":1,"failureDetails":[],"failureMessages":[],"fullName":"apigratis-cpf validateCPF_ApiGratis deve formatar data corretamente com zeros à esquerda","invocations":1,"location":null,"numPassingAsserts":1,"retryReasons":[],"status":"passed","title":"deve formatar data corretamente com zeros à esquerda"}],"endTime":1757034596729,"message":"","name":"C:\\Users\\h40040\\Projetos\\EnigmaCrush\\enigma-crush-backend\\tests\\lib\\apigratis-cpf.test.js","startTime":1757034595446,"status":"passed","summary":""},{"assertionResults":[{"ancestorTitles":["Error Handler Middleware","Error handling"],"duration":19,"failureDetails":[],"failureMessages":[],"fullName":"Error Handler Middleware Error handling deve tratar erro com statusCode e message customizados","invocations":1,"location":null,"numPassingAsserts":3,"retryReasons":[],"status":"passed","title":"deve tratar erro com statusCode e message customizados"},{"ancestorTitles":["Error Handler Middleware","Error handling"],"duration":2,"failureDetails":[],"failureMessages":[],"fullName":"Error Handler Middleware Error handling deve usar status 500 e mensagem padrão quando não fornecidos","invocations":1,"location":null,"numPassingAsserts":3,"retryReasons":[],"status":"passed","title":"deve usar status 500 e mensagem padrão quando não fornecidos"},{"ancestorTitles":["Error Handler Middleware","Error handling"],"duration":1,"failureDetails":[],"failureMessages":[],"fullName":"Error Handler Middleware Error handling deve incluir stack trace em ambiente de desenvolvimento","invocations":1,"location":null,"numPassingAsserts":1,"retryReasons":[],"status":"passed","title":"deve incluir stack trace em ambiente de desenvolvimento"},{"ancestorTitles":["Error Handler Middleware","Error handling"],"duration":1,"failureDetails":[],"failureMessages":[],"fullName":"Error Handler Middleware Error handling deve ocultar stack trace em ambiente de produção","invocations":1,"location":null,"numPassingAsserts":1,"retryReasons":[],"status":"passed","title":"deve ocultar stack trace em ambiente de produção"},{"ancestorTitles":["Error Handler Middleware","Error handling"],"duration":2,"failureDetails":[],"failureMessages":[],"fullName":"Error Handler Middleware Error handling deve tratar erro sem stack trace","invocations":1,"location":null,"numPassingAsserts":3,"retryReasons":[],"status":"passed","title":"deve tratar erro sem stack trace"},{"ancestorTitles":["Error Handler Middleware","Error handling"],"duration":19,"failureDetails":[],"failureMessages":[],"fullName":"Error Handler Middleware Error handling deve tratar objeto Error nativo do JavaScript","invocations":1,"location":null,"numPassingAsserts":3,"retryReasons":[],"status":"passed","title":"deve tratar objeto Error nativo do JavaScript"},{"ancestorTitles":["Error Handler Middleware","Environment handling"],"duration":1,"failureDetails":[],"failureMessages":[],"fullName":"Error Handler Middleware Environment handling deve funcionar quando NODE_ENV não está definido","invocations":1,"location":null,"numPassingAsserts":1,"retryReasons":[],"status":"passed","title":"deve funcionar quando NODE_ENV não está definido"}],"endTime":1757034596747,"message":"","name":"C:\\Users\\h40040\\Projetos\\EnigmaCrush\\enigma-crush-backend\\tests\\middleware\\errorHandler.test.js","startTime":1757034595449,"status":"passed","summary":""},{"assertionResults":[{"ancestorTitles":["validateWhatsapp_ApiGratis","validação com API"],"duration":18,"failureDetails":[],"failureMessages":[],"fullName":"validateWhatsapp_ApiGratis validação com API deve retornar válido para WhatsApp válido","invocations":1,"location":null,"numPassingAsserts":2,"retryReasons":[],"status":"passed","title":"deve retornar válido para WhatsApp válido"},{"ancestorTitles":["validateWhatsapp_ApiGratis","validação com API"],"duration":2,"failureDetails":[],"failureMessages":[],"fullName":"validateWhatsapp_ApiGratis validação com API deve retornar inválido quando is_whatsapp é false","invocations":1,"location":null,"numPassingAsserts":2,"retryReasons":[],"status":"passed","title":"deve retornar inválido quando is_whatsapp é false"},{"ancestorTitles":["validateWhatsapp_ApiGratis","validação com API"],"duration":1,"failureDetails":[],"failureMessages":[],"fullName":"validateWhatsapp_ApiGratis validação com API deve retornar inválido quando status é false","invocations":1,"location":null,"numPassingAsserts":2,"retryReasons":[],"status":"passed","title":"deve retornar inválido quando status é false"},{"ancestorTitles":["validateWhatsapp_ApiGratis","validação com API"],"duration":1,"failureDetails":[],"failureMessages":[],"fullName":"validateWhatsapp_ApiGratis validação com API deve retornar inválido quando resultado está ausente","invocations":1,"location":null,"numPassingAsserts":2,"retryReasons":[],"status":"passed","title":"deve retornar inválido quando resultado está ausente"},{"ancestorTitles":["validateWhatsapp_ApiGratis","validação com API"],"duration":1,"failureDetails":[],"failureMessages":[],"fullName":"validateWhatsapp_ApiGratis validação com API deve retornar inválido quando resposta é null","invocations":1,"location":null,"numPassingAsserts":2,"retryReasons":[],"status":"passed","title":"deve retornar inválido quando resposta é null"},{"ancestorTitles":["validateWhatsapp_ApiGratis","validação com API"],"duration":1,"failureDetails":[],"failureMessages":[],"fullName":"validateWhatsapp_ApiGratis validação com API deve retornar inválido quando resposta é undefined","invocations":1,"location":null,"numPassingAsserts":2,"retryReasons":[],"status":"passed","title":"deve retornar inválido quando resposta é undefined"},{"ancestorTitles":["validateWhatsapp_ApiGratis","tratamento de erros"],"duration":1,"failureDetails":[],"failureMessages":[],"fullName":"validateWhatsapp_ApiGratis tratamento de erros deve tratar erro da API corretamente","invocations":1,"location":null,"numPassingAsserts":2,"retryReasons":[],"status":"passed","title":"deve tratar erro da API corretamente"},{"ancestorTitles":["validateWhatsapp_ApiGratis","tratamento de erros"],"duration":1,"failureDetails":[],"failureMessages":[],"fullName":"validateWhatsapp_ApiGratis tratamento de erros deve tratar erro sem mensagem","invocations":1,"location":null,"numPassingAsserts":2,"retryReasons":[],"status":"passed","title":"deve tratar erro sem mensagem"},{"ancestorTitles":["validateWhatsapp_ApiGratis","tratamento de erros"],"duration":1,"failureDetails":[],"failureMessages":[],"fullName":"validateWhatsapp_ApiGratis tratamento de erros deve tratar rejeição com string","invocations":1,"location":null,"numPassingAsserts":2,"retryReasons":[],"status":"passed","title":"deve tratar rejeição com string"},{"ancestorTitles":["validateWhatsapp_ApiGratis","diferentes formatos de número"],"duration":1,"failureDetails":[],"failureMessages":[],"fullName":"validateWhatsapp_ApiGratis diferentes formatos de número deve validar número com formatação","invocations":1,"location":null,"numPassingAsserts":2,"retryReasons":[],"status":"passed","title":"deve validar número com formatação"},{"ancestorTitles":["validateWhatsapp_ApiGratis","diferentes formatos de número"],"duration":1,"failureDetails":[],"failureMessages":[],"fullName":"validateWhatsapp_ApiGratis diferentes formatos de número deve validar número sem código do país","invocations":1,"location":null,"numPassingAsserts":2,"retryReasons":[],"status":"passed","title":"deve validar número sem código do país"}],"endTime":1757034596732,"message":"","name":"C:\\Users\\h40040\\Projetos\\EnigmaCrush\\enigma-crush-backend\\tests\\lib\\apigratis-whatsapp.test.js","startTime":1757034595436,"status":"passed","summary":""},{"assertionResults":[{"ancestorTitles":["Validation Utilities","isValidEmail"],"duration":14,"failureDetails":[],"failureMessages":[],"fullName":"Validation Utilities isValidEmail should return true for a valid email","invocations":1,"location":null,"numPassingAsserts":1,"retryReasons":[],"status":"passed","title":"should return true for a valid email"},{"ancestorTitles":["Validation Utilities","isValidEmail"],"duration":2,"failureDetails":[],"failureMessages":[],"fullName":"Validation Utilities isValidEmail should return false for an invalid email","invocations":1,"location":null,"numPassingAsserts":3,"retryReasons":[],"status":"passed","title":"should return false for an invalid email"},{"ancestorTitles":["Validation Utilities","isValidPassword"],"duration":1,"failureDetails":[],"failureMessages":[],"fullName":"Validation Utilities isValidPassword should return true for a valid password","invocations":1,"location":null,"numPassingAsserts":1,"retryReasons":[],"status":"passed","title":"should return true for a valid password"},{"ancestorTitles":["Validation Utilities","isValidPassword"],"duration":2,"failureDetails":[],"failureMessages":[],"fullName":"Validation Utilities isValidPassword should return false for an invalid password","invocations":1,"location":null,"numPassingAsserts":5,"retryReasons":[],"status":"passed","title":"should return false for an invalid password"},{"ancestorTitles":["Validation Utilities","isRequired"],"duration":2,"failureDetails":[],"failureMessages":[],"fullName":"Validation Utilities isRequired should return true for a non-empty value","invocations":1,"location":null,"numPassingAsserts":4,"retryReasons":[],"status":"passed","title":"should return true for a non-empty value"},{"ancestorTitles":["Validation Utilities","isRequired"],"duration":1,"failureDetails":[],"failureMessages":[],"fullName":"Validation Utilities isRequired should return false for null, undefined, empty string, or empty array","invocations":1,"location":null,"numPassingAsserts":5,"retryReasons":[],"status":"passed","title":"should return false for null, undefined, empty string, or empty array"},{"ancestorTitles":["Validation Utilities","isWithinRange"],"duration":1,"failureDetails":[],"failureMessages":[],"fullName":"Validation Utilities isWithinRange should return true if number is within range","invocations":1,"location":null,"numPassingAsserts":3,"retryReasons":[],"status":"passed","title":"should return true if number is within range"},{"ancestorTitles":["Validation Utilities","isWithinRange"],"duration":0,"failureDetails":[],"failureMessages":[],"fullName":"Validation Utilities isWithinRange should return false if number is outside range","invocations":1,"location":null,"numPassingAsserts":2,"retryReasons":[],"status":"passed","title":"should return false if number is outside range"},{"ancestorTitles":["Validation Utilities","isLength"],"duration":0,"failureDetails":[],"failureMessages":[],"fullName":"Validation Utilities isLength should return true if string matches length","invocations":1,"location":null,"numPassingAsserts":1,"retryReasons":[],"status":"passed","title":"should return true if string matches length"},{"ancestorTitles":["Validation Utilities","isLength"],"duration":0,"failureDetails":[],"failureMessages":[],"fullName":"Validation Utilities isLength should return false if string does not match length","invocations":1,"location":null,"numPassingAsserts":2,"retryReasons":[],"status":"passed","title":"should return false if string does not match length"},{"ancestorTitles":["Validation Utilities","isMinLength"],"duration":1,"failureDetails":[],"failureMessages":[],"fullName":"Validation Utilities isMinLength should return true if string meets minimum length","invocations":1,"location":null,"numPassingAsserts":2,"retryReasons":[],"status":"passed","title":"should return true if string meets minimum length"},{"ancestorTitles":["Validation Utilities","isMinLength"],"duration":1,"failureDetails":[],"failureMessages":[],"fullName":"Validation Utilities isMinLength should return false if string is shorter than minimum length","invocations":1,"location":null,"numPassingAsserts":1,"retryReasons":[],"status":"passed","title":"should return false if string is shorter than minimum length"},{"ancestorTitles":["Validation Utilities","isMaxLength"],"duration":1,"failureDetails":[],"failureMessages":[],"fullName":"Validation Utilities isMaxLength should return true if string meets maximum length","invocations":1,"location":null,"numPassingAsserts":2,"retryReasons":[],"status":"passed","title":"should return true if string meets maximum length"},{"ancestorTitles":["Validation Utilities","isMaxLength"],"duration":0,"failureDetails":[],"failureMessages":[],"fullName":"Validation Utilities isMaxLength should return false if string is longer than maximum length","invocations":1,"location":null,"numPassingAsserts":1,"retryReasons":[],"status":"passed","title":"should return false if string is longer than maximum length"},{"ancestorTitles":["Validation Utilities","isUnique"],"duration":1,"failureDetails":[],"failureMessages":[],"fullName":"Validation Utilities isUnique should return true if array has unique elements","invocations":1,"location":null,"numPassingAsserts":2,"retryReasons":[],"status":"passed","title":"should return true if array has unique elements"},{"ancestorTitles":["Validation Utilities","isUnique"],"duration":1,"failureDetails":[],"failureMessages":[],"fullName":"Validation Utilities isUnique should return false if array has duplicate elements","invocations":1,"location":null,"numPassingAsserts":2,"retryReasons":[],"status":"passed","title":"should return false if array has duplicate elements"},{"ancestorTitles":["Validation Utilities","isType"],"duration":0,"failureDetails":[],"failureMessages":[],"fullName":"Validation Utilities isType should return true if value is of the expected type","invocations":1,"location":null,"numPassingAsserts":4,"retryReasons":[],"status":"passed","title":"should return true if value is of the expected type"},{"ancestorTitles":["Validation Utilities","isType"],"duration":1,"failureDetails":[],"failureMessages":[],"fullName":"Validation Utilities isType should return false if value is not of the expected type","invocations":1,"location":null,"numPassingAsserts":2,"retryReasons":[],"status":"passed","title":"should return false if value is not of the expected type"},{"ancestorTitles":["Validation Utilities","isIncluded"],"duration":0,"failureDetails":[],"failureMessages":[],"fullName":"Validation Utilities isIncluded should return true if value is in allowed values","invocations":1,"location":null,"numPassingAsserts":2,"retryReasons":[],"status":"passed","title":"should return true if value is in allowed values"},{"ancestorTitles":["Validation Utilities","isIncluded"],"duration":1,"failureDetails":[],"failureMessages":[],"fullName":"Validation Utilities isIncluded should return false if value is not in allowed values","invocations":1,"location":null,"numPassingAsserts":2,"retryReasons":[],"status":"passed","title":"should return false if value is not in allowed values"}],"endTime":1757034596749,"message":"","name":"C:\\Users\\h40040\\Projetos\\EnigmaCrush\\enigma-crush-backend\\tests\\validation.test.js","startTime":1757034595446,"status":"passed","summary":""},{"assertionResults":[{"ancestorTitles":["Rate Limiters","apiLimiter"],"duration":16,"failureDetails":[],"failureMessages":[],"fullName":"Rate Limiters apiLimiter deve ter as configurações corretas para API geral","invocations":1,"location":null,"numPassingAsserts":2,"retryReasons":[],"status":"passed","title":"deve ter as configurações corretas para API geral"},{"ancestorTitles":["Rate Limiters","apiLimiter"],"duration":1,"failureDetails":[],"failureMessages":[],"fullName":"Rate Limiters apiLimiter deve ser uma função middleware válida","invocations":1,"location":null,"numPassingAsserts":1,"retryReasons":[],"status":"passed","title":"deve ser uma função middleware válida"},{"ancestorTitles":["Rate Limiters","apiLimiter"],"duration":2,"failureDetails":[],"failureMessages":[],"fullName":"Rate Limiters apiLimiter deve processar requisição sem erro quando NODE_ENV é test","invocations":1,"location":null,"numPassingAsserts":1,"retryReasons":[],"status":"passed","title":"deve processar requisição sem erro quando NODE_ENV é test"},{"ancestorTitles":["Rate Limiters","authLimiter"],"duration":1,"failureDetails":[],"failureMessages":[],"fullName":"Rate Limiters authLimiter deve ter as configurações corretas para login","invocations":1,"location":null,"numPassingAsserts":2,"retryReasons":[],"status":"passed","title":"deve ter as configurações corretas para login"},{"ancestorTitles":["Rate Limiters","authLimiter"],"duration":0,"failureDetails":[],"failureMessages":[],"fullName":"Rate Limiters authLimiter deve ser uma função middleware válida","invocations":1,"location":null,"numPassingAsserts":1,"retryReasons":[],"status":"passed","title":"deve ser uma função middleware válida"},{"ancestorTitles":["Rate Limiters","authLimiter"],"duration":1,"failureDetails":[],"failureMessages":[],"fullName":"Rate Limiters authLimiter deve processar requisição sem erro quando NODE_ENV é test","invocations":1,"location":null,"numPassingAsserts":1,"retryReasons":[],"status":"passed","title":"deve processar requisição sem erro quando NODE_ENV é test"},{"ancestorTitles":["Rate Limiters","passwordChangeLimiter"],"duration":1,"failureDetails":[],"failureMessages":[],"fullName":"Rate Limiters passwordChangeLimiter deve ter as configurações corretas para mudança de senha","invocations":1,"location":null,"numPassingAsserts":2,"retryReasons":[],"status":"passed","title":"deve ter as configurações corretas para mudança de senha"},{"ancestorTitles":["Rate Limiters","passwordChangeLimiter"],"duration":1,"failureDetails":[],"failureMessages":[],"fullName":"Rate Limiters passwordChangeLimiter deve ser uma função middleware válida","invocations":1,"location":null,"numPassingAsserts":1,"retryReasons":[],"status":"passed","title":"deve ser uma função middleware válida"},{"ancestorTitles":["Rate Limiters","passwordChangeLimiter"],"duration":1,"failureDetails":[],"failureMessages":[],"fullName":"Rate Limiters passwordChangeLimiter deve processar requisição sem erro quando NODE_ENV é test","invocations":1,"location":null,"numPassingAsserts":1,"retryReasons":[],"status":"passed","title":"deve processar requisição sem erro quando NODE_ENV é test"},{"ancestorTitles":["Rate Limiters","validationLimiter"],"duration":1,"failureDetails":[],"failureMessages":[],"fullName":"Rate Limiters validationLimiter deve ter as configurações corretas para validações de CPF/WhatsApp","invocations":1,"location":null,"numPassingAsserts":2,"retryReasons":[],"status":"passed","title":"deve ter as configurações corretas para validações de CPF/WhatsApp"},{"ancestorTitles":["Rate Limiters","validationLimiter"],"duration":1,"failureDetails":[],"failureMessages":[],"fullName":"Rate Limiters validationLimiter deve ser uma função middleware válida","invocations":1,"location":null,"numPassingAsserts":1,"retryReasons":[],"status":"passed","title":"deve ser uma função middleware válida"},{"ancestorTitles":["Rate Limiters","validationLimiter"],"duration":1,"failureDetails":[],"failureMessages":[],"fullName":"Rate Limiters validationLimiter deve processar requisição sem erro quando NODE_ENV é test","invocations":1,"location":null,"numPassingAsserts":1,"retryReasons":[],"status":"passed","title":"deve processar requisição sem erro quando NODE_ENV é test"},{"ancestorTitles":["Rate Limiters","messageLimiter"],"duration":0,"failureDetails":[],"failureMessages":[],"fullName":"Rate Limiters messageLimiter deve ter as configurações corretas para envio de mensagens","invocations":1,"location":null,"numPassingAsserts":2,"retryReasons":[],"status":"passed","title":"deve ter as configurações corretas para envio de mensagens"},{"ancestorTitles":["Rate Limiters","messageLimiter"],"duration":1,"failureDetails":[],"failureMessages":[],"fullName":"Rate Limiters messageLimiter deve ser uma função middleware válida","invocations":1,"location":null,"numPassingAsserts":1,"retryReasons":[],"status":"passed","title":"deve ser uma função middleware válida"},{"ancestorTitles":["Rate Limiters","messageLimiter"],"duration":0,"failureDetails":[],"failureMessages":[],"fullName":"Rate Limiters messageLimiter deve processar requisição sem erro quando NODE_ENV é test","invocations":1,"location":null,"numPassingAsserts":1,"retryReasons":[],"status":"passed","title":"deve processar requisição sem erro quando NODE_ENV é test"},{"ancestorTitles":["Rate Limiters","Exportações"],"duration":0,"failureDetails":[],"failureMessages":[],"fullName":"Rate Limiters Exportações deve exportar todos os limiters","invocations":1,"location":null,"numPassingAsserts":5,"retryReasons":[],"status":"passed","title":"deve exportar todos os limiters"}],"endTime":1757034596776,"message":"","name":"C:\\Users\\h40040\\Projetos\\EnigmaCrush\\enigma-crush-backend\\tests\\middleware\\rateLimit.test.js","startTime":1757034595446,"status":"passed","summary":""},{"assertionResults":[{"ancestorTitles":["AuthMiddleware","authenticateToken"],"duration":17,"failureDetails":[],"failureMessages":[],"fullName":"AuthMiddleware authenticateToken deve retornar 401 se não houver token","invocations":1,"location":null,"numPassingAsserts":4,"retryReasons":[],"status":"passed","title":"deve retornar 401 se não houver token"},{"ancestorTitles":["AuthMiddleware","authenticateToken"],"duration":3,"failureDetails":[],"failureMessages":[],"fullName":"AuthMiddleware authenticateToken deve retornar 401 se o token for inválido","invocations":1,"location":null,"numPassingAsserts":3,"retryReasons":[],"status":"passed","title":"deve retornar 401 se o token for inválido"},{"ancestorTitles":["AuthMiddleware","authenticateToken"],"duration":2,"failureDetails":[],"failureMessages":[],"fullName":"AuthMiddleware authenticateToken deve retornar 401 se o token estiver expirado","invocations":1,"location":null,"numPassingAsserts":3,"retryReasons":[],"status":"passed","title":"deve retornar 401 se o token estiver expirado"},{"ancestorTitles":["AuthMiddleware","authenticateToken"],"duration":2,"failureDetails":[],"failureMessages":[],"fullName":"AuthMiddleware authenticateToken deve rejeitar token com payload inválido","invocations":1,"location":null,"numPassingAsserts":3,"retryReasons":[],"status":"passed","title":"deve rejeitar token com payload inválido"},{"ancestorTitles":["AuthMiddleware","authenticateToken"],"duration":2,"failureDetails":[],"failureMessages":[],"fullName":"AuthMiddleware authenticateToken deve rejeitar token muito longo","invocations":1,"location":null,"numPassingAsserts":3,"retryReasons":[],"status":"passed","title":"deve rejeitar token muito longo"},{"ancestorTitles":["AuthMiddleware","authenticateToken"],"duration":2,"failureDetails":[],"failureMessages":[],"fullName":"AuthMiddleware authenticateToken deve lidar com erro de autenticação genérico","invocations":1,"location":null,"numPassingAsserts":3,"retryReasons":[],"status":"passed","title":"deve lidar com erro de autenticação genérico"},{"ancestorTitles":["AuthMiddleware","trackUserActivity"],"duration":3,"failureDetails":[],"failureMessages":[],"fullName":"AuthMiddleware trackUserActivity deve atualizar atividade do usuário com sucesso","invocations":1,"location":null,"numPassingAsserts":3,"retryReasons":[],"status":"passed","title":"deve atualizar atividade do usuário com sucesso"},{"ancestorTitles":["AuthMiddleware","trackUserActivity"],"duration":2,"failureDetails":[],"failureMessages":[],"fullName":"AuthMiddleware trackUserActivity deve rejeitar ID de usuário inválido","invocations":1,"location":null,"numPassingAsserts":3,"retryReasons":[],"status":"passed","title":"deve rejeitar ID de usuário inválido"},{"ancestorTitles":["AuthMiddleware","trackUserActivity"],"duration":2,"failureDetails":[],"failureMessages":[],"fullName":"AuthMiddleware trackUserActivity deve lidar com usuário não encontrado","invocations":1,"location":null,"numPassingAsserts":3,"retryReasons":[],"status":"passed","title":"deve lidar com usuário não encontrado"},{"ancestorTitles":["AuthMiddleware","trackUserActivity"],"duration":2,"failureDetails":[],"failureMessages":[],"fullName":"AuthMiddleware trackUserActivity deve continuar sem usuário na requisição","invocations":1,"location":null,"numPassingAsserts":2,"retryReasons":[],"status":"passed","title":"deve continuar sem usuário na requisição"},{"ancestorTitles":["AuthMiddleware","checkSessionActivity"],"duration":2,"failureDetails":[],"failureMessages":[],"fullName":"AuthMiddleware checkSessionActivity deve permitir sessão ativa","invocations":1,"location":null,"numPassingAsserts":2,"retryReasons":[],"status":"passed","title":"deve permitir sessão ativa"},{"ancestorTitles":["AuthMiddleware","checkSessionActivity"],"duration":2,"failureDetails":[],"failureMessages":[],"fullName":"AuthMiddleware checkSessionActivity deve rejeitar sessão expirada","invocations":1,"location":null,"numPassingAsserts":3,"retryReasons":[],"status":"passed","title":"deve rejeitar sessão expirada"},{"ancestorTitles":["AuthMiddleware","checkSessionActivity"],"duration":2,"failureDetails":[],"failureMessages":[],"fullName":"AuthMiddleware checkSessionActivity deve rejeitar usuário não encontrado","invocations":1,"location":null,"numPassingAsserts":3,"retryReasons":[],"status":"passed","title":"deve rejeitar usuário não encontrado"},{"ancestorTitles":["AuthMiddleware","checkSessionActivity"],"duration":1,"failureDetails":[],"failureMessages":[],"fullName":"AuthMiddleware checkSessionActivity deve lidar com erro de banco de dados","invocations":1,"location":null,"numPassingAsserts":3,"retryReasons":[],"status":"passed","title":"deve lidar com erro de banco de dados"},{"ancestorTitles":["AuthMiddleware","checkSessionActivity"],"duration":1,"failureDetails":[],"failureMessages":[],"fullName":"AuthMiddleware checkSessionActivity deve continuar sem usuário na requisição","invocations":1,"location":null,"numPassingAsserts":2,"retryReasons":[],"status":"passed","title":"deve continuar sem usuário na requisição"}],"endTime":1757034596829,"message":"","name":"C:\\Users\\h40040\\Projetos\\EnigmaCrush\\enigma-crush-backend\\tests\\middleware\\authMiddleware.test.js","startTime":1757034595429,"status":"passed","summary":""},{"assertionResults":[{"ancestorTitles":["InputValidator","sanitizeString"],"duration":16,"failureDetails":[],"failureMessages":[],"fullName":"InputValidator sanitizeString deve sanitizar string removendo caracteres perigosos","invocations":1,"location":null,"numPassingAsserts":7,"retryReasons":[],"status":"passed","title":"deve sanitizar string removendo caracteres perigosos"},{"ancestorTitles":["InputValidator","sanitizeString"],"duration":1,"failureDetails":[],"failureMessages":[],"fullName":"InputValidator sanitizeString deve remover caracteres de controle","invocations":1,"location":null,"numPassingAsserts":1,"retryReasons":[],"status":"passed","title":"deve remover caracteres de controle"},{"ancestorTitles":["InputValidator","sanitizeString"],"duration":2,"failureDetails":[],"failureMessages":[],"fullName":"InputValidator sanitizeString deve escapar caracteres HTML","invocations":1,"location":null,"numPassingAsserts":5,"retryReasons":[],"status":"passed","title":"deve escapar caracteres HTML"},{"ancestorTitles":["InputValidator","sanitizeString"],"duration":1,"failureDetails":[],"failureMessages":[],"fullName":"InputValidator sanitizeString deve retornar string vazia para input não-string","invocations":1,"location":null,"numPassingAsserts":4,"retryReasons":[],"status":"passed","title":"deve retornar string vazia para input não-string"},{"ancestorTitles":["InputValidator","sanitizeString"],"duration":1,"failureDetails":[],"failureMessages":[],"fullName":"InputValidator sanitizeString deve fazer trim da string","invocations":1,"location":null,"numPassingAsserts":1,"retryReasons":[],"status":"passed","title":"deve fazer trim da string"},{"ancestorTitles":["InputValidator","validateEmail"],"duration":3,"failureDetails":[],"failureMessages":[],"fullName":"InputValidator validateEmail deve validar email válido","invocations":1,"location":null,"numPassingAsserts":3,"retryReasons":[],"status":"passed","title":"deve validar email válido"},{"ancestorTitles":["InputValidator","validateEmail"],"duration":2,"failureDetails":[],"failureMessages":[],"fullName":"InputValidator validateEmail deve normalizar email","invocations":1,"location":null,"numPassingAsserts":2,"retryReasons":[],"status":"passed","title":"deve normalizar email"},{"ancestorTitles":["InputValidator","validateEmail"],"duration":0,"failureDetails":[],"failureMessages":[],"fullName":"InputValidator validateEmail deve rejeitar email inválido","invocations":1,"location":null,"numPassingAsserts":2,"retryReasons":[],"status":"passed","title":"deve rejeitar email inválido"},{"ancestorTitles":["InputValidator","validateEmail"],"duration":0,"failureDetails":[],"failureMessages":[],"fullName":"InputValidator validateEmail deve rejeitar email muito longo","invocations":1,"location":null,"numPassingAsserts":2,"retryReasons":[],"status":"passed","title":"deve rejeitar email muito longo"},{"ancestorTitles":["InputValidator","validateEmail"],"duration":0,"failureDetails":[],"failureMessages":[],"fullName":"InputValidator validateEmail deve rejeitar email vazio","invocations":1,"location":null,"numPassingAsserts":3,"retryReasons":[],"status":"passed","title":"deve rejeitar email vazio"},{"ancestorTitles":["InputValidator","validatePassword"],"duration":0,"failureDetails":[],"failureMessages":[],"fullName":"InputValidator validatePassword deve validar senha forte","invocations":1,"location":null,"numPassingAsserts":2,"retryReasons":[],"status":"passed","title":"deve validar senha forte"},{"ancestorTitles":["InputValidator","validatePassword"],"duration":1,"failureDetails":[],"failureMessages":[],"fullName":"InputValidator validatePassword deve rejeitar senha muito curta","invocations":1,"location":null,"numPassingAsserts":2,"retryReasons":[],"status":"passed","title":"deve rejeitar senha muito curta"},{"ancestorTitles":["InputValidator","validatePassword"],"duration":1,"failureDetails":[],"failureMessages":[],"fullName":"InputValidator validatePassword deve rejeitar senha muito longa","invocations":1,"location":null,"numPassingAsserts":2,"retryReasons":[],"status":"passed","title":"deve rejeitar senha muito longa"},{"ancestorTitles":["InputValidator","validatePassword"],"duration":1,"failureDetails":[],"failureMessages":[],"fullName":"InputValidator validatePassword deve rejeitar senha sem letra minúscula","invocations":1,"location":null,"numPassingAsserts":2,"retryReasons":[],"status":"passed","title":"deve rejeitar senha sem letra minúscula"},{"ancestorTitles":["InputValidator","validatePassword"],"duration":1,"failureDetails":[],"failureMessages":[],"fullName":"InputValidator validatePassword deve rejeitar senha sem letra maiúscula","invocations":1,"location":null,"numPassingAsserts":2,"retryReasons":[],"status":"passed","title":"deve rejeitar senha sem letra maiúscula"},{"ancestorTitles":["InputValidator","validatePassword"],"duration":0,"failureDetails":[],"failureMessages":[],"fullName":"InputValidator validatePassword deve rejeitar senha sem número","invocations":1,"location":null,"numPassingAsserts":2,"retryReasons":[],"status":"passed","title":"deve rejeitar senha sem número"},{"ancestorTitles":["InputValidator","validatePassword"],"duration":1,"failureDetails":[],"failureMessages":[],"fullName":"InputValidator validatePassword deve rejeitar senha sem caractere especial","invocations":1,"location":null,"numPassingAsserts":2,"retryReasons":[],"status":"passed","title":"deve rejeitar senha sem caractere especial"},{"ancestorTitles":["InputValidator","validatePassword"],"duration":0,"failureDetails":[],"failureMessages":[],"fullName":"InputValidator validatePassword deve rejeitar senha vazia ou nula","invocations":1,"location":null,"numPassingAsserts":3,"retryReasons":[],"status":"passed","title":"deve rejeitar senha vazia ou nula"},{"ancestorTitles":["InputValidator","validateName"],"duration":1,"failureDetails":[],"failureMessages":[],"fullName":"InputValidator validateName deve validar nome válido","invocations":1,"location":null,"numPassingAsserts":2,"retryReasons":[],"status":"passed","title":"deve validar nome válido"},{"ancestorTitles":["InputValidator","validateName"],"duration":1,"failureDetails":[],"failureMessages":[],"fullName":"InputValidator validateName deve aceitar nomes com acentos e hífens","invocations":1,"location":null,"numPassingAsserts":1,"retryReasons":[],"status":"passed","title":"deve aceitar nomes com acentos e hífens"},{"ancestorTitles":["InputValidator","validateName"],"duration":0,"failureDetails":[],"failureMessages":[],"fullName":"InputValidator validateName deve rejeitar nomes com apostrofe após sanitização","invocations":1,"location":null,"numPassingAsserts":2,"retryReasons":[],"status":"passed","title":"deve rejeitar nomes com apostrofe após sanitização"},{"ancestorTitles":["InputValidator","validateName"],"duration":1,"failureDetails":[],"failureMessages":[],"fullName":"InputValidator validateName deve rejeitar nome muito curto","invocations":1,"location":null,"numPassingAsserts":2,"retryReasons":[],"status":"passed","title":"deve rejeitar nome muito curto"},{"ancestorTitles":["InputValidator","validateName"],"duration":1,"failureDetails":[],"failureMessages":[],"fullName":"InputValidator validateName deve rejeitar nome muito longo","invocations":1,"location":null,"numPassingAsserts":2,"retryReasons":[],"status":"passed","title":"deve rejeitar nome muito longo"},{"ancestorTitles":["InputValidator","validateName"],"duration":0,"failureDetails":[],"failureMessages":[],"fullName":"InputValidator validateName deve rejeitar nome com caracteres inválidos","invocations":1,"location":null,"numPassingAsserts":2,"retryReasons":[],"status":"passed","title":"deve rejeitar nome com caracteres inválidos"},{"ancestorTitles":["InputValidator","validateName"],"duration":0,"failureDetails":[],"failureMessages":[],"fullName":"InputValidator validateName deve rejeitar nome vazio","invocations":1,"location":null,"numPassingAsserts":3,"retryReasons":[],"status":"passed","title":"deve rejeitar nome vazio"},{"ancestorTitles":["InputValidator","validateCPF"],"duration":1,"failureDetails":[],"failureMessages":[],"fullName":"InputValidator validateCPF deve validar CPF válido","invocations":1,"location":null,"numPassingAsserts":2,"retryReasons":[],"status":"passed","title":"deve validar CPF válido"},{"ancestorTitles":["InputValidator","validateCPF"],"duration":1,"failureDetails":[],"failureMessages":[],"fullName":"InputValidator validateCPF deve validar CPF com formatação","invocations":1,"location":null,"numPassingAsserts":2,"retryReasons":[],"status":"passed","title":"deve validar CPF com formatação"},{"ancestorTitles":["InputValidator","validateCPF"],"duration":1,"failureDetails":[],"failureMessages":[],"fullName":"InputValidator validateCPF deve rejeitar CPF com todos os dígitos iguais","invocations":1,"location":null,"numPassingAsserts":2,"retryReasons":[],"status":"passed","title":"deve rejeitar CPF com todos os dígitos iguais"},{"ancestorTitles":["InputValidator","validateCPF"],"duration":0,"failureDetails":[],"failureMessages":[],"fullName":"InputValidator validateCPF deve rejeitar CPF com número incorreto de dígitos","invocations":1,"location":null,"numPassingAsserts":2,"retryReasons":[],"status":"passed","title":"deve rejeitar CPF com número incorreto de dígitos"},{"ancestorTitles":["InputValidator","validateCPF"],"duration":0,"failureDetails":[],"failureMessages":[],"fullName":"InputValidator validateCPF deve rejeitar CPF com dígitos verificadores inválidos","invocations":1,"location":null,"numPassingAsserts":2,"retryReasons":[],"status":"passed","title":"deve rejeitar CPF com dígitos verificadores inválidos"},{"ancestorTitles":["InputValidator","validateCPF"],"duration":5,"failureDetails":[],"failureMessages":[],"fullName":"InputValidator validateCPF deve rejeitar CPF vazio","invocations":1,"location":null,"numPassingAsserts":3,"retryReasons":[],"status":"passed","title":"deve rejeitar CPF vazio"},{"ancestorTitles":["InputValidator","validatePhone"],"duration":0,"failureDetails":[],"failureMessages":[],"fullName":"InputValidator validatePhone deve validar telefone válido","invocations":1,"location":null,"numPassingAsserts":2,"retryReasons":[],"status":"passed","title":"deve validar telefone válido"},{"ancestorTitles":["InputValidator","validatePhone"],"duration":1,"failureDetails":[],"failureMessages":[],"fullName":"InputValidator validatePhone deve validar telefone com formatação","invocations":1,"location":null,"numPassingAsserts":2,"retryReasons":[],"status":"passed","title":"deve validar telefone com formatação"},{"ancestorTitles":["InputValidator","validatePhone"],"duration":0,"failureDetails":[],"failureMessages":[],"fullName":"InputValidator validatePhone deve validar telefone internacional","invocations":1,"location":null,"numPassingAsserts":2,"retryReasons":[],"status":"passed","title":"deve validar telefone internacional"},{"ancestorTitles":["InputValidator","validatePhone"],"duration":1,"failureDetails":[],"failureMessages":[],"fullName":"InputValidator validatePhone deve rejeitar telefone muito curto","invocations":1,"location":null,"numPassingAsserts":2,"retryReasons":[],"status":"passed","title":"deve rejeitar telefone muito curto"},{"ancestorTitles":["InputValidator","validatePhone"],"duration":0,"failureDetails":[],"failureMessages":[],"fullName":"InputValidator validatePhone deve rejeitar telefone muito longo","invocations":1,"location":null,"numPassingAsserts":2,"retryReasons":[],"status":"passed","title":"deve rejeitar telefone muito longo"},{"ancestorTitles":["InputValidator","validatePhone"],"duration":0,"failureDetails":[],"failureMessages":[],"fullName":"InputValidator validatePhone deve rejeitar telefone vazio","invocations":1,"location":null,"numPassingAsserts":3,"retryReasons":[],"status":"passed","title":"deve rejeitar telefone vazio"},{"ancestorTitles":["InputValidator","validateBirthdate"],"duration":3,"failureDetails":[],"failureMessages":[],"fullName":"InputValidator validateBirthdate deve validar data de nascimento válida","invocations":1,"location":null,"numPassingAsserts":2,"retryReasons":[],"status":"passed","title":"deve validar data de nascimento válida"},{"ancestorTitles":["InputValidator","validateBirthdate"],"duration":1,"failureDetails":[],"failureMessages":[],"fullName":"InputValidator validateBirthdate deve rejeitar menor de 18 anos","invocations":1,"location":null,"numPassingAsserts":2,"retryReasons":[],"status":"passed","title":"deve rejeitar menor de 18 anos"},{"ancestorTitles":["InputValidator","validateBirthdate"],"duration":0,"failureDetails":[],"failureMessages":[],"fullName":"InputValidator validateBirthdate deve rejeitar data muito antiga","invocations":1,"location":null,"numPassingAsserts":2,"retryReasons":[],"status":"passed","title":"deve rejeitar data muito antiga"},{"ancestorTitles":["InputValidator","validateBirthdate"],"duration":1,"failureDetails":[],"failureMessages":[],"fullName":"InputValidator validateBirthdate deve rejeitar data inválida","invocations":1,"location":null,"numPassingAsserts":2,"retryReasons":[],"status":"passed","title":"deve rejeitar data inválida"},{"ancestorTitles":["InputValidator","validateBirthdate"],"duration":1,"failureDetails":[],"failureMessages":[],"fullName":"InputValidator validateBirthdate deve rejeitar data vazia","invocations":1,"location":null,"numPassingAsserts":3,"retryReasons":[],"status":"passed","title":"deve rejeitar data vazia"},{"ancestorTitles":["InputValidator","validateMessageContent"],"duration":0,"failureDetails":[],"failureMessages":[],"fullName":"InputValidator validateMessageContent deve validar conteúdo de mensagem válido","invocations":1,"location":null,"numPassingAsserts":2,"retryReasons":[],"status":"passed","title":"deve validar conteúdo de mensagem válido"},{"ancestorTitles":["InputValidator","validateMessageContent"],"duration":0,"failureDetails":[],"failureMessages":[],"fullName":"InputValidator validateMessageContent deve sanitizar conteúdo perigoso","invocations":1,"location":null,"numPassingAsserts":2,"retryReasons":[],"status":"passed","title":"deve sanitizar conteúdo perigoso"},{"ancestorTitles":["InputValidator","validateMessageContent"],"duration":1,"failureDetails":[],"failureMessages":[],"fullName":"InputValidator validateMessageContent deve rejeitar conteúdo muito longo","invocations":1,"location":null,"numPassingAsserts":2,"retryReasons":[],"status":"passed","title":"deve rejeitar conteúdo muito longo"},{"ancestorTitles":["InputValidator","validateMessageContent"],"duration":1,"failureDetails":[],"failureMessages":[],"fullName":"InputValidator validateMessageContent deve rejeitar conteúdo vazio","invocations":1,"location":null,"numPassingAsserts":4,"retryReasons":[],"status":"passed","title":"deve rejeitar conteúdo vazio"},{"ancestorTitles":["InputValidator","validateId"],"duration":1,"failureDetails":[],"failureMessages":[],"fullName":"InputValidator validateId deve validar UUID válido","invocations":1,"location":null,"numPassingAsserts":2,"retryReasons":[],"status":"passed","title":"deve validar UUID válido"},{"ancestorTitles":["InputValidator","validateId"],"duration":1,"failureDetails":[],"failureMessages":[],"fullName":"InputValidator validateId deve fazer trim do ID","invocations":1,"location":null,"numPassingAsserts":2,"retryReasons":[],"status":"passed","title":"deve fazer trim do ID"},{"ancestorTitles":["InputValidator","validateId"],"duration":0,"failureDetails":[],"failureMessages":[],"fullName":"InputValidator validateId deve rejeitar ID inválido","invocations":1,"location":null,"numPassingAsserts":2,"retryReasons":[],"status":"passed","title":"deve rejeitar ID inválido"},{"ancestorTitles":["InputValidator","validateId"],"duration":1,"failureDetails":[],"failureMessages":[],"fullName":"InputValidator validateId deve rejeitar ID vazio","invocations":1,"location":null,"numPassingAsserts":3,"retryReasons":[],"status":"passed","title":"deve rejeitar ID vazio"}],"endTime":1757034596953,"message":"","name":"C:\\Users\\h40040\\Projetos\\EnigmaCrush\\enigma-crush-backend\\tests\\lib\\validation.test.js","startTime":1757034595437,"status":"passed","summary":""},{"assertionResults":[],"coverage":{},"endTime":1757034603269,"message":"  \u001b[1m● \u001b[22mTest suite failed to run\n\n    \u001b[1m\u001b[31mJest encountered an unexpected token\u001b[39m\u001b[22m\n\n    Jest failed to parse a file. This happens e.g. when your code or its dependencies use non-standard JavaScript syntax, or when Jest is not configured to support such syntax.\n\n    Out of the box Jest supports Babel, which will be used to transform your files into valid JS based on your Babel configuration.\n\n    By default \"node_modules\" folder is ignored by transformers.\n\n    Here's what you can do:\n     • If you are trying to use ECMAScript Modules, see \u001b[4mhttps://jestjs.io/docs/ecmascript-modules\u001b[24m for how to enable it.\n     • If you are trying to use TypeScript, see \u001b[4mhttps://jestjs.io/docs/getting-started#using-typescript\u001b[24m\n     • To have some of your \"node_modules\" files transformed, you can specify a custom \u001b[1m\"transformIgnorePatterns\"\u001b[22m in your config.\n     • If you need a custom transformation specify a \u001b[1m\"transform\"\u001b[22m option in your config.\n     • If you simply want to mock your non-JS modules (e.g. binary assets) you can stub them out with the \u001b[1m\"moduleNameMapper\"\u001b[22m config option.\n\n    You'll find more details and examples of these config options in the docs:\n    \u001b[36mhttps://jestjs.io/docs/configuration\u001b[39m\n    For information about custom transformations, see:\n    \u001b[36mhttps://jestjs.io/docs/code-transformation\u001b[39m\n\n    \u001b[1m\u001b[31mDetails:\u001b[39m\u001b[22m\n\n    SyntaxError: C:\\Users\\h40040\\Projetos\\EnigmaCrush\\enigma-crush-backend\\tests\\routes\\dashboard.test.js: Unexpected token (389:0)\n\n    \u001b[0m \u001b[90m 387 |\u001b[39m     })\u001b[33m;\u001b[39m\n     \u001b[90m 388 |\u001b[39m   })\u001b[33m;\u001b[39m\n    \u001b[31m\u001b[1m>\u001b[22m\u001b[39m\u001b[90m 389 |\u001b[39m })\u001b[33m;\u001b[39m\n     \u001b[90m     |\u001b[39m \u001b[31m\u001b[1m^\u001b[22m\u001b[39m\u001b[0m\n\n      \u001b[2mat constructor (\u001b[22mnode_modules/@babel/parser/src/parse-error.ts\u001b[2m:95:45)\u001b[22m\n      \u001b[2mat Parser.toParseError [as raise] (\u001b[22mnode_modules/@babel/parser/src/tokenizer/index.ts\u001b[2m:1503:19)\u001b[22m\n      \u001b[2mat Parser.raise [as unexpected] (\u001b[22mnode_modules/@babel/parser/src/tokenizer/index.ts\u001b[2m:1543:16)\u001b[22m\n      \u001b[2mat Parser.unexpected [as parseExprAtom] (\u001b[22mnode_modules/@babel/parser/src/parser/expression.ts\u001b[2m:1350:16)\u001b[22m\n      \u001b[2mat Parser.parseExprAtom [as parseExprSubscripts] (\u001b[22mnode_modules/@babel/parser/src/parser/expression.ts\u001b[2m:734:23)\u001b[22m\n      \u001b[2mat Parser.parseExprSubscripts [as parseUpdate] (\u001b[22mnode_modules/@babel/parser/src/parser/expression.ts\u001b[2m:713:21)\u001b[22m\n      \u001b[2mat Parser.parseUpdate [as parseMaybeUnary] (\u001b[22mnode_modules/@babel/parser/src/parser/expression.ts\u001b[2m:675:23)\u001b[22m\n      \u001b[2mat Parser.parseMaybeUnary [as parseMaybeUnaryOrPrivate] (\u001b[22mnode_modules/@babel/parser/src/parser/expression.ts\u001b[2m:409:14)\u001b[22m\n      \u001b[2mat Parser.parseMaybeUnaryOrPrivate [as parseExprOps] (\u001b[22mnode_modules/@babel/parser/src/parser/expression.ts\u001b[2m:421:23)\u001b[22m\n      \u001b[2mat Parser.parseExprOps [as parseMaybeConditional] (\u001b[22mnode_modules/@babel/parser/src/parser/expression.ts\u001b[2m:376:23)\u001b[22m\n      \u001b[2mat Parser.parseMaybeConditional [as parseMaybeAssign] (\u001b[22mnode_modules/@babel/parser/src/parser/expression.ts\u001b[2m:301:21)\u001b[22m\n      \u001b[2mat Parser.parseMaybeAssign [as parseExpressionBase] (\u001b[22mnode_modules/@babel/parser/src/parser/expression.ts\u001b[2m:226:23)\u001b[22m\n      \u001b[2mat parseExpressionBase (\u001b[22mnode_modules/@babel/parser/src/parser/expression.ts\u001b[2m:217:39)\u001b[22m\n      \u001b[2mat Parser.callback [as allowInAnd] (\u001b[22mnode_modules/@babel/parser/src/parser/expression.ts\u001b[2m:3187:16)\u001b[22m\n      \u001b[2mat Parser.allowInAnd [as parseExpression] (\u001b[22mnode_modules/@babel/parser/src/parser/expression.ts\u001b[2m:217:17)\u001b[22m\n      \u001b[2mat Parser.parseExpression [as parseStatementContent] (\u001b[22mnode_modules/@babel/parser/src/parser/statement.ts\u001b[2m:683:23)\u001b[22m\n      \u001b[2mat Parser.parseStatementContent [as parseStatementLike] (\u001b[22mnode_modules/@babel/parser/src/parser/statement.ts\u001b[2m:477:17)\u001b[22m\n      \u001b[2mat Parser.parseStatementLike [as parseModuleItem] (\u001b[22mnode_modules/@babel/parser/src/parser/statement.ts\u001b[2m:414:17)\u001b[22m\n      \u001b[2mat Parser.parseModuleItem [as parseBlockOrModuleBlockBody] (\u001b[22mnode_modules/@babel/parser/src/parser/statement.ts\u001b[2m:1438:16)\u001b[22m\n      \u001b[2mat Parser.parseBlockOrModuleBlockBody [as parseBlockBody] (\u001b[22mnode_modules/@babel/parser/src/parser/statement.ts\u001b[2m:1412:10)\u001b[22m\n      \u001b[2mat Parser.parseBlockBody [as parseProgram] (\u001b[22mnode_modules/@babel/parser/src/parser/statement.ts\u001b[2m:229:10)\u001b[22m\n      \u001b[2mat Parser.parseProgram [as parseTopLevel] (\u001b[22mnode_modules/@babel/parser/src/parser/statement.ts\u001b[2m:203:25)\u001b[22m\n      \u001b[2mat Parser.parseTopLevel [as parse] (\u001b[22mnode_modules/@babel/parser/src/parser/index.ts\u001b[2m:93:10)\u001b[22m\n      \u001b[2mat parse (\u001b[22mnode_modules/@babel/parser/src/index.ts\u001b[2m:92:38)\u001b[22m\n      \u001b[2mat parser (\u001b[22mnode_modules/@babel/core/src/parser/index.ts\u001b[2m:28:19)\u001b[22m\n          at parser.next (<anonymous>)\n      \u001b[2mat normalizeFile (\u001b[22mnode_modules/@babel/core/src/transformation/normalize-file.ts\u001b[2m:49:24)\u001b[22m\n          at normalizeFile.next (<anonymous>)\n      \u001b[2mat run (\u001b[22mnode_modules/@babel/core/src/transformation/index.ts\u001b[2m:40:36)\u001b[22m\n          at run.next (<anonymous>)\n      \u001b[2mat transform (\u001b[22mnode_modules/@babel/core/src/transform.ts\u001b[2m:29:20)\u001b[22m\n          at transform.next (<anonymous>)\n      \u001b[2mat evaluateSync (\u001b[22mnode_modules/gensync/index.js\u001b[2m:251:28)\u001b[22m\n      \u001b[2mat sync (\u001b[22mnode_modules/gensync/index.js\u001b[2m:89:14)\u001b[22m\n      \u001b[2mat fn (\u001b[22mnode_modules/@babel/core/src/errors/rewrite-stack-trace.ts\u001b[2m:99:14)\u001b[22m\n      \u001b[2mat transformSync (\u001b[22mnode_modules/@babel/core/src/transform.ts\u001b[2m:66:52)\u001b[22m\n      \u001b[2mat ScriptTransformer.transformSource (\u001b[22mnode_modules/@jest/transform/build/ScriptTransformer.js\u001b[2m:545:31)\u001b[22m\n      \u001b[2mat ScriptTransformer._transformAndBuildScript (\u001b[22mnode_modules/@jest/transform/build/ScriptTransformer.js\u001b[2m:674:40)\u001b[22m\n      \u001b[2mat ScriptTransformer.transform (\u001b[22mnode_modules/@jest/transform/build/ScriptTransformer.js\u001b[2m:726:19)\u001b[22m\n","name":"C:\\Users\\h40040\\Projetos\\EnigmaCrush\\enigma-crush-backend\\tests\\routes\\dashboard.test.js","startTime":1757034603269,"status":"failed","summary":""},{"assertionResults":[],"coverage":{},"endTime":1757034603269,"message":"  \u001b[1m● \u001b[22mTest suite failed to run\n\n    Cannot find module '../../index' from 'tests/health.test.js'\n\n    \u001b[0m \u001b[90m 1 |\u001b[39m \u001b[36mconst\u001b[39m request \u001b[33m=\u001b[39m require(\u001b[32m'supertest'\u001b[39m)\u001b[33m;\u001b[39m\n    \u001b[31m\u001b[1m>\u001b[22m\u001b[39m\u001b[90m 2 |\u001b[39m \u001b[36mconst\u001b[39m app \u001b[33m=\u001b[39m require(\u001b[32m'../../index'\u001b[39m)\u001b[33m;\u001b[39m \u001b[90m// Assuming your main app file is index.js\u001b[39m\n     \u001b[90m   |\u001b[39m             \u001b[31m\u001b[1m^\u001b[22m\u001b[39m\n     \u001b[90m 3 |\u001b[39m\n     \u001b[90m 4 |\u001b[39m describe(\u001b[32m'Health Check Endpoints'\u001b[39m\u001b[33m,\u001b[39m () \u001b[33m=>\u001b[39m {\n     \u001b[90m 5 |\u001b[39m   \u001b[36mlet\u001b[39m prisma\u001b[33m;\u001b[39m\u001b[0m\n\n      \u001b[2mat Resolver._throwModNotFoundError (\u001b[22mnode_modules/jest-resolve/build/resolver.js\u001b[2m:427:11)\u001b[22m\n      \u001b[2mat Object.require (\u001b[22m\u001b[0m\u001b[36mtests/health.test.js\u001b[39m\u001b[0m\u001b[2m:2:13)\u001b[22m\n","name":"C:\\Users\\h40040\\Projetos\\EnigmaCrush\\enigma-crush-backend\\tests\\health.test.js","startTime":1757034603269,"status":"failed","summary":""},{"assertionResults":[{"ancestorTitles":["Rate Limiters - Enhanced Coverage","authLimiter"],"duration":97,"failureDetails":[],"failureMessages":[],"fullName":"Rate Limiters - Enhanced Coverage authLimiter deve permitir requisições dentro do limite em produção","invocations":1,"location":null,"numPassingAsserts":5,"retryReasons":[],"status":"passed","title":"deve permitir requisições dentro do limite em produção"},{"ancestorTitles":["Rate Limiters - Enhanced Coverage","authLimiter"],"duration":116,"failureDetails":[],"failureMessages":[],"fullName":"Rate Limiters - Enhanced Coverage authLimiter deve bloquear requisições acima do limite em produção","invocations":1,"location":null,"numPassingAsserts":2,"retryReasons":[],"status":"passed","title":"deve bloquear requisições acima do limite em produção"},{"ancestorTitles":["Rate Limiters - Enhanced Coverage","authLimiter"],"duration":54,"failureDetails":[],"failureMessages":[],"fullName":"Rate Limiters - Enhanced Coverage authLimiter deve permitir todas as requisições em ambiente de teste","invocations":1,"location":null,"numPassingAsserts":10,"retryReasons":[],"status":"passed","title":"deve permitir todas as requisições em ambiente de teste"},{"ancestorTitles":["Rate Limiters - Enhanced Coverage","passwordChangeLimiter"],"duration":17,"failureDetails":[],"failureMessages":[],"fullName":"Rate Limiters - Enhanced Coverage passwordChangeLimiter deve permitir requisições dentro do limite em produção","invocations":1,"location":null,"numPassingAsserts":3,"retryReasons":[],"status":"passed","title":"deve permitir requisições dentro do limite em produção"},{"ancestorTitles":["Rate Limiters - Enhanced Coverage","passwordChangeLimiter"],"duration":27,"failureDetails":[],"failureMessages":[],"fullName":"Rate Limiters - Enhanced Coverage passwordChangeLimiter deve bloquear requisições acima do limite em produção","invocations":1,"location":null,"numPassingAsserts":2,"retryReasons":[],"status":"passed","title":"deve bloquear requisições acima do limite em produção"},{"ancestorTitles":["Rate Limiters - Enhanced Coverage","validationLimiter"],"duration":65,"failureDetails":[],"failureMessages":[],"fullName":"Rate Limiters - Enhanced Coverage validationLimiter deve permitir requisições dentro do limite em produção","invocations":1,"location":null,"numPassingAsserts":10,"retryReasons":[],"status":"passed","title":"deve permitir requisições dentro do limite em produção"},{"ancestorTitles":["Rate Limiters - Enhanced Coverage","validationLimiter"],"duration":59,"failureDetails":[],"failureMessages":[],"fullName":"Rate Limiters - Enhanced Coverage validationLimiter deve bloquear requisições acima do limite em produção","invocations":1,"location":null,"numPassingAsserts":2,"retryReasons":[],"status":"passed","title":"deve bloquear requisições acima do limite em produção"},{"ancestorTitles":["Rate Limiters - Enhanced Coverage","apiLimiter"],"duration":310,"failureDetails":[],"failureMessages":[],"fullName":"Rate Limiters - Enhanced Coverage apiLimiter deve permitir requisições dentro do limite em produção","invocations":1,"location":null,"numPassingAsserts":50,"retryReasons":[],"status":"passed","title":"deve permitir requisições dentro do limite em produção"},{"ancestorTitles":["Rate Limiters - Enhanced Coverage","apiLimiter"],"duration":7,"failureDetails":[],"failureMessages":[],"fullName":"Rate Limiters - Enhanced Coverage apiLimiter deve incluir headers de rate limit","invocations":1,"location":null,"numPassingAsserts":1,"retryReasons":[],"status":"passed","title":"deve incluir headers de rate limit"},{"ancestorTitles":["Rate Limiters - Enhanced Coverage","messageLimiter"],"duration":61,"failureDetails":[],"failureMessages":[],"fullName":"Rate Limiters - Enhanced Coverage messageLimiter deve permitir requisições dentro do limite em produção","invocations":1,"location":null,"numPassingAsserts":10,"retryReasons":[],"status":"passed","title":"deve permitir requisições dentro do limite em produção"},{"ancestorTitles":["Rate Limiters - Enhanced Coverage","messageLimiter"],"duration":70,"failureDetails":[],"failureMessages":[],"fullName":"Rate Limiters - Enhanced Coverage messageLimiter deve bloquear requisições acima do limite em produção","invocations":1,"location":null,"numPassingAsserts":2,"retryReasons":[],"status":"passed","title":"deve bloquear requisições acima do limite em produção"},{"ancestorTitles":["Rate Limiters - Enhanced Coverage","Rate Limiter Configuration"],"duration":0,"failureDetails":[],"failureMessages":[],"fullName":"Rate Limiters - Enhanced Coverage Rate Limiter Configuration deve ter configurações corretas para authLimiter","invocations":1,"location":null,"numPassingAsserts":2,"retryReasons":[],"status":"passed","title":"deve ter configurações corretas para authLimiter"},{"ancestorTitles":["Rate Limiters - Enhanced Coverage","Rate Limiter Configuration"],"duration":1,"failureDetails":[],"failureMessages":[],"fullName":"Rate Limiters - Enhanced Coverage Rate Limiter Configuration deve ter configurações corretas para passwordChangeLimiter","invocations":1,"location":null,"numPassingAsserts":2,"retryReasons":[],"status":"passed","title":"deve ter configurações corretas para passwordChangeLimiter"},{"ancestorTitles":["Rate Limiters - Enhanced Coverage","Rate Limiter Configuration"],"duration":0,"failureDetails":[],"failureMessages":[],"fullName":"Rate Limiters - Enhanced Coverage Rate Limiter Configuration deve ter configurações corretas para validationLimiter","invocations":1,"location":null,"numPassingAsserts":2,"retryReasons":[],"status":"passed","title":"deve ter configurações corretas para validationLimiter"},{"ancestorTitles":["Rate Limiters - Enhanced Coverage","Rate Limiter Configuration"],"duration":1,"failureDetails":[],"failureMessages":[],"fullName":"Rate Limiters - Enhanced Coverage Rate Limiter Configuration deve ter configurações corretas para apiLimiter","invocations":1,"location":null,"numPassingAsserts":2,"retryReasons":[],"status":"passed","title":"deve ter configurações corretas para apiLimiter"},{"ancestorTitles":["Rate Limiters - Enhanced Coverage","Rate Limiter Configuration"],"duration":0,"failureDetails":[],"failureMessages":[],"fullName":"Rate Limiters - Enhanced Coverage Rate Limiter Configuration deve ter configurações corretas para messageLimiter","invocations":1,"location":null,"numPassingAsserts":2,"retryReasons":[],"status":"passed","title":"deve ter configurações corretas para messageLimiter"},{"ancestorTitles":["Rate Limiters - Enhanced Coverage","Environment-specific behavior"],"duration":50,"failureDetails":[],"failureMessages":[],"fullName":"Rate Limiters - Enhanced Coverage Environment-specific behavior deve pular rate limiting em ambiente de desenvolvimento","invocations":1,"location":null,"numPassingAsserts":10,"retryReasons":[],"status":"passed","title":"deve pular rate limiting em ambiente de desenvolvimento"},{"ancestorTitles":["Rate Limiters - Enhanced Coverage","Environment-specific behavior"],"duration":51,"failureDetails":[],"failureMessages":[],"fullName":"Rate Limiters - Enhanced Coverage Environment-specific behavior deve pular rate limiting quando NODE_ENV não está definido","invocations":1,"location":null,"numPassingAsserts":10,"retryReasons":[],"status":"passed","title":"deve pular rate limiting quando NODE_ENV não está definido"}],"endTime":1757034598401,"message":"","name":"C:\\Users\\h40040\\Projetos\\EnigmaCrush\\enigma-crush-backend\\tests\\middleware\\rateLimit.enhanced.test.js","startTime":1757034595448,"status":"passed","summary":""},{"assertionResults":[{"ancestorTitles":["Auth Routes - Simple Test"],"duration":11,"failureDetails":[],"failureMessages":[],"fullName":"Auth Routes - Simple Test deve carregar o aplicativo sem erros","invocations":1,"location":null,"numPassingAsserts":2,"retryReasons":[],"status":"passed","title":"deve carregar o aplicativo sem erros"},{"ancestorTitles":["Auth Routes - Simple Test"],"duration":157,"failureDetails":[],"failureMessages":[],"fullName":"Auth Routes - Simple Test deve fazer login com credenciais válidas","invocations":1,"location":null,"numPassingAsserts":1,"retryReasons":[],"status":"passed","title":"deve fazer login com credenciais válidas"}],"endTime":1757034598475,"message":"","name":"C:\\Users\\h40040\\Projetos\\EnigmaCrush\\enigma-crush-backend\\tests\\routes\\auth.simple.test.js","startTime":1757034595451,"status":"passed","summary":""},{"assertionResults":[{"ancestorTitles":["User Routes","GET /search"],"duration":127,"failureDetails":[],"failureMessages":[],"fullName":"User Routes GET /search deve buscar usuários por nome","invocations":1,"location":null,"numPassingAsserts":5,"retryReasons":[],"status":"passed","title":"deve buscar usuários por nome"},{"ancestorTitles":["User Routes","GET /search"],"duration":18,"failureDetails":[],"failureMessages":[],"fullName":"User Routes GET /search deve retornar array vazio quando não encontrar usuários","invocations":1,"location":null,"numPassingAsserts":2,"retryReasons":[],"status":"passed","title":"deve retornar array vazio quando não encontrar usuários"},{"ancestorTitles":["User Routes","GET /search"],"duration":20,"failureDetails":[],"failureMessages":[],"fullName":"User Routes GET /search deve sanitizar o parâmetro de busca","invocations":1,"location":null,"numPassingAsserts":2,"retryReasons":[],"status":"passed","title":"deve sanitizar o parâmetro de busca"},{"ancestorTitles":["User Routes","GET /search"],"duration":13,"failureDetails":[],"failureMessages":[],"fullName":"User Routes GET /search deve retornar 400 para nome inválido","invocations":1,"location":null,"numPassingAsserts":2,"retryReasons":[],"status":"passed","title":"deve retornar 400 para nome inválido"},{"ancestorTitles":["User Routes","GET /search"],"duration":9,"failureDetails":[],"failureMessages":[],"fullName":"User Routes GET /search deve retornar 400 para nome muito curto","invocations":1,"location":null,"numPassingAsserts":2,"retryReasons":[],"status":"passed","title":"deve retornar 400 para nome muito curto"},{"ancestorTitles":["User Routes","GET /search"],"duration":13,"failureDetails":[],"failureMessages":[],"fullName":"User Routes GET /search deve retornar 400 para nome muito longo","invocations":1,"location":null,"numPassingAsserts":2,"retryReasons":[],"status":"passed","title":"deve retornar 400 para nome muito longo"},{"ancestorTitles":["User Routes","GET /search"],"duration":13,"failureDetails":[],"failureMessages":[],"fullName":"User Routes GET /search deve aceitar nome com exatamente 2 caracteres","invocations":1,"location":null,"numPassingAsserts":2,"retryReasons":[],"status":"passed","title":"deve aceitar nome com exatamente 2 caracteres"},{"ancestorTitles":["User Routes","GET /search"],"duration":15,"failureDetails":[],"failureMessages":[],"fullName":"User Routes GET /search deve aceitar nome com exatamente 50 caracteres","invocations":1,"location":null,"numPassingAsserts":2,"retryReasons":[],"status":"passed","title":"deve aceitar nome com exatamente 50 caracteres"},{"ancestorTitles":["User Routes","GET /search"],"duration":26,"failureDetails":[],"failureMessages":[],"fullName":"User Routes GET /search deve limitar resultados a 20 usuários","invocations":1,"location":null,"numPassingAsserts":3,"retryReasons":[],"status":"passed","title":"deve limitar resultados a 20 usuários"},{"ancestorTitles":["User Routes","GET /search"],"duration":19,"failureDetails":[],"failureMessages":[],"fullName":"User Routes GET /search deve fazer busca case-insensitive","invocations":1,"location":null,"numPassingAsserts":2,"retryReasons":[],"status":"passed","title":"deve fazer busca case-insensitive"},{"ancestorTitles":["User Routes","GET /search"],"duration":14,"failureDetails":[],"failureMessages":[],"fullName":"User Routes GET /search deve retornar apenas campos específicos do usuário","invocations":1,"location":null,"numPassingAsserts":7,"retryReasons":[],"status":"passed","title":"deve retornar apenas campos específicos do usuário"},{"ancestorTitles":["User Routes","GET /search"],"duration":22,"failureDetails":[],"failureMessages":[],"fullName":"User Routes GET /search deve lidar com erro interno do servidor","invocations":1,"location":null,"numPassingAsserts":3,"retryReasons":[],"status":"passed","title":"deve lidar com erro interno do servidor"},{"ancestorTitles":["User Routes","GET /search"],"duration":7,"failureDetails":[],"failureMessages":[],"fullName":"User Routes GET /search deve fazer log de auditoria da busca","invocations":1,"location":null,"numPassingAsserts":1,"retryReasons":[],"status":"passed","title":"deve fazer log de auditoria da busca"},{"ancestorTitles":["User Routes","GET /search"],"duration":6,"failureDetails":[],"failureMessages":[],"fullName":"User Routes GET /search deve fazer log dos resultados encontrados","invocations":1,"location":null,"numPassingAsserts":1,"retryReasons":[],"status":"passed","title":"deve fazer log dos resultados encontrados"},{"ancestorTitles":["User Routes","GET /search"],"duration":12,"failureDetails":[],"failureMessages":[],"fullName":"User Routes GET /search deve fazer log de erro em caso de falha","invocations":1,"location":null,"numPassingAsserts":1,"retryReasons":[],"status":"passed","title":"deve fazer log de erro em caso de falha"},{"ancestorTitles":["User Routes","GET /search"],"duration":7,"failureDetails":[],"failureMessages":[],"fullName":"User Routes GET /search deve lidar com parâmetro name ausente","invocations":1,"location":null,"numPassingAsserts":2,"retryReasons":[],"status":"passed","title":"deve lidar com parâmetro name ausente"},{"ancestorTitles":["User Routes","GET /search"],"duration":11,"failureDetails":[],"failureMessages":[],"fullName":"User Routes GET /search deve lidar com caracteres especiais no nome","invocations":1,"location":null,"numPassingAsserts":3,"retryReasons":[],"status":"passed","title":"deve lidar com caracteres especiais no nome"}],"endTime":1757034598777,"message":"","name":"C:\\Users\\h40040\\Projetos\\EnigmaCrush\\enigma-crush-backend\\tests\\routes\\user.test.js","startTime":1757034595432,"status":"passed","summary":""},{"assertionResults":[{"ancestorTitles":["Register Routes","POST /register"],"duration":124,"failureDetails":[],"failureMessages":[],"fullName":"Register Routes POST /register deve registrar usuário com dados válidos","invocations":1,"location":null,"numPassingAsserts":6,"retryReasons":[],"status":"passed","title":"deve registrar usuário com dados válidos"},{"ancestorTitles":["Register Routes","POST /register"],"duration":17,"failureDetails":[],"failureMessages":[],"fullName":"Register Routes POST /register deve registrar usuário sem WhatsApp (campo opcional)","invocations":1,"location":null,"numPassingAsserts":2,"retryReasons":[],"status":"passed","title":"deve registrar usuário sem WhatsApp (campo opcional)"},{"ancestorTitles":["Register Routes","POST /register"],"duration":11,"failureDetails":[],"failureMessages":[],"fullName":"Register Routes POST /register deve retornar 400 para email inválido","invocations":1,"location":null,"numPassingAsserts":3,"retryReasons":[],"status":"passed","title":"deve retornar 400 para email inválido"},{"ancestorTitles":["Register Routes","POST /register"],"duration":12,"failureDetails":[],"failureMessages":[],"fullName":"Register Routes POST /register deve retornar 400 para senha inválida","invocations":1,"location":null,"numPassingAsserts":3,"retryReasons":[],"status":"passed","title":"deve retornar 400 para senha inválida"},{"ancestorTitles":["Register Routes","POST /register"],"duration":15,"failureDetails":[],"failureMessages":[],"fullName":"Register Routes POST /register deve retornar 400 para nome inválido","invocations":1,"location":null,"numPassingAsserts":3,"retryReasons":[],"status":"passed","title":"deve retornar 400 para nome inválido"},{"ancestorTitles":["Register Routes","POST /register"],"duration":13,"failureDetails":[],"failureMessages":[],"fullName":"Register Routes POST /register deve retornar 400 para data de nascimento inválida","invocations":1,"location":null,"numPassingAsserts":3,"retryReasons":[],"status":"passed","title":"deve retornar 400 para data de nascimento inválida"},{"ancestorTitles":["Register Routes","POST /register"],"duration":10,"failureDetails":[],"failureMessages":[],"fullName":"Register Routes POST /register deve retornar 400 para CPF inválido","invocations":1,"location":null,"numPassingAsserts":3,"retryReasons":[],"status":"passed","title":"deve retornar 400 para CPF inválido"},{"ancestorTitles":["Register Routes","POST /register"],"duration":17,"failureDetails":[],"failureMessages":[],"fullName":"Register Routes POST /register deve retornar 400 para WhatsApp inválido","invocations":1,"location":null,"numPassingAsserts":3,"retryReasons":[],"status":"passed","title":"deve retornar 400 para WhatsApp inválido"},{"ancestorTitles":["Register Routes","POST /register"],"duration":16,"failureDetails":[],"failureMessages":[],"fullName":"Register Routes POST /register deve retornar 409 para email já existente","invocations":1,"location":null,"numPassingAsserts":2,"retryReasons":[],"status":"passed","title":"deve retornar 409 para email já existente"},{"ancestorTitles":["Register Routes","POST /register"],"duration":10,"failureDetails":[],"failureMessages":[],"fullName":"Register Routes POST /register deve retornar 409 para CPF já existente","invocations":1,"location":null,"numPassingAsserts":2,"retryReasons":[],"status":"passed","title":"deve retornar 409 para CPF já existente"},{"ancestorTitles":["Register Routes","POST /register"],"duration":9,"failureDetails":[],"failureMessages":[],"fullName":"Register Routes POST /register deve usar salt alto para hash da senha","invocations":1,"location":null,"numPassingAsserts":1,"retryReasons":[],"status":"passed","title":"deve usar salt alto para hash da senha"},{"ancestorTitles":["Register Routes","POST /register"],"duration":8,"failureDetails":[],"failureMessages":[],"fullName":"Register Routes POST /register deve gerar token JWT após registro","invocations":1,"location":null,"numPassingAsserts":1,"retryReasons":[],"status":"passed","title":"deve gerar token JWT após registro"},{"ancestorTitles":["Register Routes","POST /register"],"duration":13,"failureDetails":[],"failureMessages":[],"fullName":"Register Routes POST /register deve lidar com erro interno do servidor","invocations":1,"location":null,"numPassingAsserts":2,"retryReasons":[],"status":"passed","title":"deve lidar com erro interno do servidor"},{"ancestorTitles":["Register Routes","POST /register"],"duration":9,"failureDetails":[],"failureMessages":[],"fullName":"Register Routes POST /register deve sanitizar dados de entrada","invocations":1,"location":null,"numPassingAsserts":2,"retryReasons":[],"status":"passed","title":"deve sanitizar dados de entrada"},{"ancestorTitles":["Register Routes","POST /register"],"duration":9,"failureDetails":[],"failureMessages":[],"fullName":"Register Routes POST /register deve retornar dados do usuário sem senha","invocations":1,"location":null,"numPassingAsserts":8,"retryReasons":[],"status":"passed","title":"deve retornar dados do usuário sem senha"}],"endTime":1757034598804,"message":"","name":"C:\\Users\\h40040\\Projetos\\EnigmaCrush\\enigma-crush-backend\\tests\\routes\\register.test.js","startTime":1757034595450,"status":"passed","summary":""},{"assertionResults":[{"ancestorTitles":["Hint Routes","POST /hint"],"duration":75,"failureDetails":[],"failureMessages":[],"fullName":"Hint Routes POST /hint deve criar uma nova dica com sucesso","invocations":1,"location":null,"numPassingAsserts":3,"retryReasons":[],"status":"passed","title":"deve criar uma nova dica com sucesso"},{"ancestorTitles":["Hint Routes","POST /hint"],"duration":12,"failureDetails":[],"failureMessages":[],"fullName":"Hint Routes POST /hint deve criar admirer se não existir","invocations":1,"location":null,"numPassingAsserts":3,"retryReasons":[],"status":"passed","title":"deve criar admirer se não existir"},{"ancestorTitles":["Hint Routes","POST /hint"],"duration":10,"failureDetails":[],"failureMessages":[],"fullName":"Hint Routes POST /hint deve lidar com tipo mixed e conteúdo objeto","invocations":1,"location":null,"numPassingAsserts":2,"retryReasons":[],"status":"passed","title":"deve lidar com tipo mixed e conteúdo objeto"},{"ancestorTitles":["Hint Routes","POST /hint"],"duration":13,"failureDetails":[],"failureMessages":[],"fullName":"Hint Routes POST /hint deve aceitar publicUrl e qrCodeUrl opcionais","invocations":1,"location":null,"numPassingAsserts":2,"retryReasons":[],"status":"passed","title":"deve aceitar publicUrl e qrCodeUrl opcionais"},{"ancestorTitles":["Hint Routes","POST /hint"],"duration":12,"failureDetails":[],"failureMessages":[],"fullName":"Hint Routes POST /hint deve retornar 400 para conteúdo vazio","invocations":1,"location":null,"numPassingAsserts":2,"retryReasons":[],"status":"passed","title":"deve retornar 400 para conteúdo vazio"},{"ancestorTitles":["Hint Routes","POST /hint"],"duration":10,"failureDetails":[],"failureMessages":[],"fullName":"Hint Routes POST /hint deve retornar 400 para tipo inválido","invocations":1,"location":null,"numPassingAsserts":2,"retryReasons":[],"status":"passed","title":"deve retornar 400 para tipo inválido"},{"ancestorTitles":["Hint Routes","POST /hint"],"duration":39,"failureDetails":[],"failureMessages":[],"fullName":"Hint Routes POST /hint deve aceitar tipos válidos","invocations":1,"location":null,"numPassingAsserts":4,"retryReasons":[],"status":"passed","title":"deve aceitar tipos válidos"},{"ancestorTitles":["Hint Routes","POST /hint"],"duration":10,"failureDetails":[],"failureMessages":[],"fullName":"Hint Routes POST /hint deve retornar 401 sem token de autenticação","invocations":1,"location":null,"numPassingAsserts":1,"retryReasons":[],"status":"passed","title":"deve retornar 401 sem token de autenticação"},{"ancestorTitle
[...]
":{"line":211,"column":2},"end":{"line":213,"column":3}},{"start":{},"end":{}}],"line":211},"29":{"loc":{"start":{"line":216,"column":2},"end":{"line":218,"column":3}},"type":"if","locations":[{"start":{"line":216,"column":2},"end":{"line":218,"column":3}},{"start":{},"end":{}}],"line":216},"30":{"loc":{"start":{"line":223,"column":4},"end":{"line":225,"column":5}},"type":"if","locations":[{"start":{"line":223,"column":4},"end":{"line":225,"column":5}},{"start":{},"end":{}}],"line":223},"31":{"loc":{"start":{"line":248,"column":16},"end":{"line":248,"column":24}},"type":"default-arg","locations":[{"start":{"line":248,"column":23},"end":{"line":248,"column":24}}],"line":248},"32":{"loc":{"start":{"line":248,"column":26},"end":{"line":248,"column":39}},"type":"default-arg","locations":[{"start":{"line":248,"column":37},"end":{"line":248,"column":39}}],"line":248},"33":{"loc":{"start":{"line":252,"column":2},"end":{"line":255,"column":3}},"type":"if","locations":[{"start":{"line":252,"column":2},"end":{"line":255,"column":3}},{"start":{},"end":{}}],"line":252},"34":{"loc":{"start":{"line":263,"column":12},"end":{"line":263,"column":55}},"type":"binary-expr","locations":[{"start":{"line":263,"column":12},"end":{"line":263,"column":28}},{"start":{"line":263,"column":32},"end":{"line":263,"column":55}}],"line":263},"35":{"loc":{"start":{"line":264,"column":12},"end":{"line":264,"column":51}},"type":"binary-expr","locations":[{"start":{"line":264,"column":12},"end":{"line":264,"column":27}},{"start":{"line":264,"column":31},"end":{"line":264,"column":51}}],"line":264},"36":{"loc":{"start":{"line":286,"column":2},"end":{"line":289,"column":3}},"type":"if","locations":[{"start":{"line":286,"column":2},"end":{"line":289,"column":3}},{"start":{},"end":{}}],"line":286},"37":{"loc":{"start":{"line":293,"column":2},"end":{"line":295,"column":3}},"type":"if","locations":[{"start":{"line":293,"column":2},"end":{"line":295,"column":3}},{"start":{},"end":{}}],"line":293},"38":{"loc":{"start":{"line":299,"column":4},"end":{"line":302,"column":5}},"type":"if","locations":[{"start":{"line":299,"column":4},"end":{"line":302,"column":5}},{"start":{},"end":{}}],"line":299},"39":{"loc":{"start":{"line":333,"column":2},"end":{"line":336,"column":3}},"type":"if","locations":[{"start":{"line":333,"column":2},"end":{"line":336,"column":3}},{"start":{},"end":{}}],"line":333},"40":{"loc":{"start":{"line":345,"column":4},"end":{"line":347,"column":5}},"type":"if","locations":[{"start":{"line":345,"column":4},"end":{"line":347,"column":5}},{"start":{},"end":{}}],"line":345},"41":{"loc":{"start":{"line":345,"column":8},"end":{"line":345,"column":114}},"type":"binary-expr","locations":[{"start":{"line":345,"column":8},"end":{"line":345,"column":30}},{"start":{"line":345,"column":35},"end":{"line":345,"column":68}},{"start":{"line":345,"column":72},"end":{"line":345,"column":113}}],"line":345}},"s":{"0":8,"1":8,"2":8,"3":8,"4":8,"5":8,"6":4,"7":4,"8":4,"9":4,"10":4,"11":0,"12":0,"13":0,"14":0,"15":0,"16":0,"17":0,"18":0,"19":0,"20":0,"21":0,"22":0,"23":0,"24":0,"25":0,"26":0,"27":0,"28":0,"29":0,"30":8,"31":10,"32":10,"33":10,"34":10,"35":0,"36":10,"37":10,"38":10,"39":10,"40":0,"41":0,"42":0,"43":0,"44":0,"45":0,"46":0,"47":0,"48":0,"49":0,"50":0,"51":0,"52":0,"53":0,"54":0,"55":0,"56":0,"57":0,"58":0,"59":0,"60":0,"61":0,"62":0,"63":0,"64":0,"65":0,"66":0,"67":0,"68":0,"69":0,"70":0,"71":0,"72":0,"73":0,"74":0,"75":0,"76":0,"77":0,"78":0,"79":0,"80":0,"81":0,"82":0,"83":0,"84":0,"85":0,"86":0,"87":0,"88":0,"89":0,"90":8,"91":6,"92":6,"93":6,"94":6,"95":6,"96":6,"97":0,"98":0,"99":0,"100":0,"101":0,"102":0,"103":0,"104":0,"105":0,"106":0,"107":0,"108":0,"109":0,"110":0,"111":0,"112":8,"113":2,"114":2,"115":2,"116":2,"117":0,"118":0,"119":2,"120":2,"121":1,"122":1,"123":1,"124":1,"125":8,"126":4,"127":4,"128":4,"129":4,"130":1,"131":1,"132":3,"133":3,"134":3,"135":3,"136":3,"137":3,"138":2,"139":1,"140":1,"141":1,"142":1,"143":1,"144":1,"145":1,"146":1,"147":1,"148":1,"149":1,"150":8,"151":4,"152":4,"153":4,"154":4,"155":4,"156":4,"157":0,"158":0,"159":0,"160":0,"161":0,"162":0,"163":0,"164":0,"165":8},"f":{"0":4,"1":10,"2":6,"3":2,"4":4,"5":4},"b":{"0":[4,0],"1":[0,0],"2":[0,0],"3":[0,0],"4":[0,10],"5":[10,0],"6":[0,0],"7":[0,0],"8":[0,0],"9":[0,0],"10":[0,0],"11":[0,0],"12":[0,0],"13":[0,0],"14":[0,0],"15":[0,0],"16":[0,0],"17":[0,0],"18":[0,0],"19":[0,0],"20":[0,0],"21":[0,0],"22":[0,0],"23":[0,0],"24":[0,0],"25":[0,0],"26":[0,0],"27":[6,0],"28":[0,0],"29":[0,0],"30":[0,0],"31":[2],"32":[2],"33":[0,2],"34":[2,0],"35":[2,0],"36":[1,3],"37":[3,0],"38":[1,1],"39":[4,0],"40":[0,0],"41":[0,0,0]},"_coverageSchema":"1a1c01bbd47fc00a2c39e90264f33305004495a9","hash":"cd19af6f3bfc33aa91203529889775c561f5fee4"},"C:\\Users\\h40040\\Projetos\\EnigmaCrush\\enigma-crush-backend\\routes\\validate.js":{"path":"C:\\Users\\h40040\\Projetos\\EnigmaCrush\\enigma-crush-backend\\routes\\validate.js","statementMap":{"0":{"start":{"line":1,"column":16},"end":{"line":1,"column":34}},"1":{"start":{"line":2,"column":19},"end":{"line":2,"column":40}},"2":{"start":{"line":3,"column":34},"end":{"line":3,"column":65}},"3":{"start":{"line":4,"column":39},"end":{"line":4,"column":75}},"4":{"start":{"line":5,"column":23},"end":{"line":5,"column":51}},"5":{"start":{"line":7,"column":15},"end":{"line":7,"column":31}},"6":{"start":{"line":10,"column":0},"end":{"line":38,"column":3}},"7":{"start":{"line":11,"column":18},"end":{"line":11,"column":26}},"8":{"start":{"line":14,"column":24},"end":{"line":14,"column":55}},"9":{"start":{"line":15,"column":2},"end":{"line":20,"column":3}},"10":{"start":{"line":16,"column":4},"end":{"line":19,"column":7}},"11":{"start":{"line":22,"column":2},"end":{"line":37,"column":3}},"12":{"start":{"line":24,"column":4},"end":{"line":24,"column":55}},"13":{"start":{"line":26,"column":4},"end":{"line":28,"column":5}},"14":{"start":{"line":27,"column":6},"end":{"line":27,"column":96}},"15":{"start":{"line":29,"column":20},"end":{"line":29,"column":72}},"16":{"start":{"line":30,"column":4},"end":{"line":32,"column":5}},"17":{"start":{"line":31,"column":6},"end":{"line":31,"column":98}},"18":{"start":{"line":33,"column":4},"end":{"line":33,"column":84}},"19":{"start":{"line":35,"column":4},"end":{"line":35,"column":54}},"20":{"start":{"line":36,"column":4},"end":{"line":36,"column":78}},"21":{"start":{"line":41,"column":0},"end":{"line":66,"column":3}},"22":{"start":{"line":42,"column":21},"end":{"line":42,"column":29}},"23":{"start":{"line":45,"column":26},"end":{"line":45,"column":62}},"24":{"start":{"line":46,"column":2},"end":{"line":51,"column":3}},"25":{"start":{"line":47,"column":4},"end":{"line":50,"column":7}},"26":{"start":{"line":53,"column":2},"end":{"line":65,"column":3}},"27":{"start":{"line":55,"column":4},"end":{"line":55,"column":60}},"28":{"start":{"line":57,"column":22},"end":{"line":57,"column":81}},"29":{"start":{"line":58,"column":4},"end":{"line":60,"column":5}},"30":{"start":{"line":59,"column":6},"end":{"line":59,"column":91}},"31":{"start":{"line":61,"column":4},"end":{"line":61,"column":30}},"32":{"start":{"line":63,"column":4},"end":{"line":63,"column":59}},"33":{"start":{"line":64,"column":4},"end":{"line":64,"column":78}},"34":{"start":{"line":68,"column":0},"end":{"line":68,"column":24}}},"fnMap":{"0":{"name":"(anonymous_0)","decl":{"start":{"line":10,"column":29},"end":{"line":10,"column":30}},"loc":{"start":{"line":10,"column":49},"end":{"line":38,"column":1}},"line":10},"1":{"name":"(anonymous_1)","decl":{"start":{"line":41,"column":34},"end":{"line":41,"column":35}},"loc":{"start":{"line":41,"column":54},"end":{"line":66,"column":1}},"line":41}},"branchMap":{"0":{"loc":{"start":{"line":15,"column":2},"end":{"line":20,"column":3}},"type":"if","locations":[{"start":{"line":15,"column":2},"end":{"line":20,"column":3}},{"start":{},"end":{}}],"line":15},"1":{"loc":{"start":{"line":26,"column":4},"end":{"line":28,"column":5}},"type":"if","locations":[{"start":{"line":26,"column":4},"end":{"line":28,"column":5}},{"start":{},"end":{}}],"line":26},"2":{"loc":{"start":{"line":30,"column":4},"end":{"line":32,"column":5}},"type":"if","locations":[{"start":{"line":30,"column":4},"end":{"line":32,"column":5}},{"start":{},"end":{}}],"line":30},"3":{"loc":{"start":{"line":46,"column":2},"end":{"line":51,"column":3}},"type":"if","locations":[{"start":{"line":46,"column":2},"end":{"line":51,"column":3}},{"start":{},"end":{}}],"line":46},"4":{"loc":{"start":{"line":58,"column":4},"end":{"line":60,"column":5}},"type":"if","locations":[{"start":{"line":58,"column":4},"end":{"line":60,"column":5}},{"start":{},"end":{}}],"line":58}},"s":{"0":8,"1":8,"2":8,"3":8,"4":8,"5":8,"6":8,"7":16,"8":16,"9":16,"10":7,"11":9,"12":9,"13":9,"14":1,"15":6,"16":5,"17":1,"18":4,"19":3,"20":3,"21":8,"22":24,"23":24,"24":24,"25":11,"26":13,"27":13,"28":13,"29":11,"30":1,"31":10,"32":2,"33":2,"34":8},"f":{"0":16,"1":24},"b":{"0":[7,9],"1":[1,6],"2":[1,4],"3":[11,13],"4":[1,10]},"_coverageSchema":"1a1c01bbd47fc00a2c39e90264f33305004495a9","hash":"86790026f8c021a3f28707ac47be50c866324df3"},"C:\\Users\\h40040\\Projetos\\EnigmaCrush\\enigma-crush-backend\\routes\\health.js":{"path":"C:\\Users\\h40040\\Projetos\\EnigmaCrush\\enigma-crush-backend\\routes\\health.js","statementMap":{"0":{"start":{"line":2,"column":16},"end":{"line":2,"column":34}},"1":{"start":{"line":3,"column":15},"end":{"line":3,"column":31}},"2":{"start":{"line":4,"column":15},"end":{"line":4,"column":39}},"3":{"start":{"line":7,"column":0},"end":{"line":37,"column":3}},"4":{"start":{"line":8,"column":2},"end":{"line":36,"column":3}},"5":{"start":{"line":10,"column":4},"end":{"line":10,"column":37}},"6":{"start":{"line":13,"column":21},"end":{"line":19,"column":5}},"7":{"start":{"line":21,"column":4},"end":{"line":26,"column":7}},"8":{"start":{"line":28,"column":4},"end":{"line":28,"column":49}},"9":{"start":{"line":30,"column":4},"end":{"line":35,"column":7}},"10":{"start":{"line":40,"column":0},"end":{"line":46,"column":3}},"11":{"start":{"line":41,"column":2},"end":{"line":45,"column":5}},"12":{"start":{"line":49,"column":0},"end":{"line":75,"column":4}},"13":{"start":{"line":50,"column":2},"end":{"line":74,"column":4}},"14":{"start":{"line":51,"column":4},"end":{"line":51,"column":67}},"15":{"start":{"line":52,"column":4},"end":{"line":52,"column":63}},"16":{"start":{"line":53,"column":4},"end":{"line":53,"column":61}},"17":{"start":{"line":56,"column":22},"end":{"line":56,"column":47}},"18":{"start":{"line":58,"column":4},"end":{"line":65,"column":7}},"19":{"start":{"line":67,"column":5},"end":{"line":67,"column":54}},"20":{"start":{"line":69,"column":5},"end":{"line":73,"column":8}},"21":{"start":{"line":78,"column":0},"end":{"line":92,"column":3}},"22":{"start":{"line":79,"column":2},"end":{"line":91,"column":3}},"23":{"start":{"line":80,"column":4},"end":{"line":80,"column":52}},"24":{"start":{"line":81,"column":4},"end":{"line":81,"column":43}},"25":{"start":{"line":83,"column":4},"end":{"line":87,"column":7}},"26":{"start":{"line":89,"column":4},"end":{"line":89,"column":56}},"27":{"start":{"line":90,"column":4},"end":{"line":90,"column":82}},"28":{"start":{"line":95,"column":0},"end":{"line":120,"column":3}},"29":{"start":{"line":96,"column":2},"end":{"line":119,"column":3}},"30":{"start":{"line":97,"column":4},"end":{"line":97,"column":50}},"31":{"start":{"line":98,"column":4},"end":{"line":98,"column":43}},"32":{"start":{"line":100,"column":32},"end":{"line":100,"column":40}},"33":{"start":{"line":102,"column":4},"end":{"line":104,"column":5}},"34":{"start":{"line":103,"column":6},"end":{"line":103,"column":79}},"35":{"start":{"line":107,"column":22},"end":{"line":107,"column":47}},"36":{"start":{"line":109,"column":4},"end":{"line":114,"column":7}},"37":{"start":{"line":116,"column":4},"end":{"line":116,"column":54}},"38":{"start":{"line":118,"column":4},"end":{"line":118,"column":80}},"39":{"start":{"line":122,"column":0},"end":{"line":122,"column":24}}},"fnMap":{"0":{"name":"(anonymous_0)","decl":{"start":{"line":7,"column":16},"end":{"line":7,"column":17}},"loc":{"start":{"line":7,"column":36},"end":{"line":37,"column":1}},"line":7},"1":{"name":"(anonymous_1)","decl":{"start":{"line":40,"column":20},"end":{"line":40,"column":21}},"loc":{"start":{"line":40,"column":34},"end":{"line":46,"column":1}},"line":40},"2":{"name":"(anonymous_2)","decl":{"start":{"line":49,"column":26},"end":{"line":49,"column":27}},"loc":{"start":{"line":49,"column":46},"end":{"line":75,"column":2}},"line":49},"3":{"name":"(anonymous_3)","decl":{"start":{"line":78,"column":28},"end":{"line":78,"column":29}},"loc":{"start":{"line":78,"column":48},"end":{"line":92,"column":1}},"line":78},"4":{"name":"(anonymous_4)","decl":{"start":{"line":95,"column":26},"end":{"line":95,"column":27}},"loc":{"start":{"line":95,"column":46},"end":{"line":120,"column":1}},"line":95}},"branchMap":{"0":{"loc":{"start":{"line":102,"column":4},"end":{"line":104,"column":5}},"type":"if","locations":[{"start":{"line":102,"column":4},"end":{"line":104,"column":5}},{"start":{},"end":{}}],"line":102},"1":{"loc":{"start":{"line":102,"column":8},"end":{"line":102,"column":27}},"type":"binary-expr","locations":[{"start":{"line":102,"column":8},"end":{"line":102,"column":14}},{"start":{"line":102,"column":18},"end":{"line":102,"column":27}}],"line":102}},"s":{"0":8,"1":8,"2":8,"3":8,"4":0,"5":0,"6":0,"7":0,"8":0,"9":0,"10":8,"11":0,"12":8,"13":0,"14":0,"15":0,"16":0,"17":0,"18":0,"19":0,"20":0,"21":8,"22":0,"23":0,"24":0,"25":0,"26":0,"27":0,"28":8,"29":0,"30":0,"31":0,"32":0,"33":0,"34":0,"35":0,"36":0,"37":0,"38":0,"39":8},"f":{"0":0,"1":0,"2":0,"3":0,"4":0},"b":{"0":[0,0],"1":[0,0]},"_coverageSchema":"1a1c01bbd47fc00a2c39e90264f33305004495a9","hash":"7cd4f4b0f19006bf0627026f53cba50d80bf5de4"},"C:\\Users\\h40040\\Projetos\\EnigmaCrush\\enigma-crush-backend\\config\\config.js":{"path":"C:\\Users\\h40040\\Projetos\\EnigmaCrush\\enigma-crush-backend\\config\\config.js","statementMap":{"0":{"start":{"line":1,"column":0},"end":{"line":1,"column":52}},"1":{"start":{"line":3,"column":0},"end":{"line":10,"column":2}}},"fnMap":{},"branchMap":{"0":{"loc":{"start":{"line":4,"column":8},"end":{"line":4,"column":32}},"type":"binary-expr","locations":[{"start":{"line":4,"column":8},"end":{"line":4,"column":24}},{"start":{"line":4,"column":28},"end":{"line":4,"column":32}}],"line":4},"1":{"loc":{"start":{"line":6,"column":19},"end":{"line":6,"column":55}},"type":"binary-expr","locations":[{"start":{"line":6,"column":19},"end":{"line":6,"column":47}},{"start":{"line":6,"column":51},"end":{"line":6,"column":55}}],"line":6},"2":{"loc":{"start":{"line":7,"column":11},"end":{"line":9,"column":52}},"type":"cond-expr","locations":[{"start":{"line":8,"column":6},"end":{"line":8,"column":25}},{"start":{"line":9,"column":6},"end":{"line":9,"column":52}}],"line":7},"3":{"loc":{"start":{"line":9,"column":26},"end":{"line":9,"column":50}},"type":"binary-expr","locations":[{"start":{"line":9,"column":26},"end":{"line":9,"column":42}},{"start":{"line":9,"column":46},"end":{"line":9,"column":50}}],"line":9}},"s":{"0":0,"1":0},"f":{},"b":{"0":[0,0],"1":[0,0],"2":[0,0],"3":[0,0]}},"C:\\Users\\h40040\\Projetos\\EnigmaCrush\\enigma-crush-backend\\lib\\prisma.js":{"path":"C:\\Users\\h40040\\Projetos\\EnigmaCrush\\enigma-crush-backend\\lib\\prisma.js","statementMap":{"0":{"start":{"line":1,"column":25},"end":{"line":1,"column":50}},"1":{"start":{"line":5,"column":0},"end":{"line":13,"column":1}},"2":{"start":{"line":6,"column":2},"end":{"line":6,"column":30}},"3":{"start":{"line":9,"column":2},"end":{"line":11,"column":3}},"4":{"start":{"line":10,"column":4},"end":{"line":10,"column":39}},"5":{"start":{"line":12,"column":2},"end":{"line":12,"column":25}},"6":{"start":{"line":15,"column":0},"end":{"line":15,"column":24}}},"fnMap":{},"branchMap":{"0":{"loc":{"start":{"line":5,"column":0},"end":{"line":13,"column":1}},"type":"if","locations":[{"start":{"line":5,"column":0},"end":{"line":13,"column":1}},{"start":{"line":7,"column":7},"end":{"line":13,"column":1}}],"line":5},"1":{"loc":{"start":{"line":9,"column":2},"end":{"line":11,"column":3}},"type":"if","locations":[{"start":{"line":9,"column":2},"end":{"line":11,"column":3}},{"start":{},"end":{}}],"line":9}},"s":{"0":0,"1":0,"2":0,"3":0,"4":0,"5":0,"6":0},"f":{},"b":{"0":[0,0],"1":[0,0]}},"C:\\Users\\h40040\\Projetos\\EnigmaCrush\\enigma-crush-backend\\debug-middleware.js":{"path":"C:\\Users\\h40040\\Projetos\\EnigmaCrush\\enigma-crush-backend\\debug-middleware.js","statementMap":{"0":{"start":{"line":1,"column":30},"end":{"line":1,"column":68}},"1":{"start":{"line":4,"column":0},"end":{"line":4,"column":39}},"2":{"start":{"line":7,"column":12},"end":{"line":12,"column":1}},"3":{"start":{"line":14,"column":12},"end":{"line":23,"column":1}},"4":{"start":{"line":16,"column":4},"end":{"line":16,"column":49}},"5":{"start":{"line":17,"column":4},"end":{"line":17,"column":16}},"6":{"start":{"line":20,"column":4},"end":{"line":20,"column":47}},"7":{"start":{"line":21,"column":4},"end":{"line":21,"column":16}},"8":{"start":{"line":25,"column":13},"end":{"line":27,"column":1}},"9":{"start":{"line":26,"column":2},"end":{"line":26,"column":31}},"10":{"start":{"line":29,"column":0},"end":{"line":29,"column":51}},"11":{"start":{"line":30,"column":0},"end":{"line":30,"column":34}}},"fnMap":{"0":{"name":"(anonymous_0)","decl":{"start":{"line":15,"column":10},"end":{"line":15,"column":11}},"loc":{"start":{"line":15,"column":25},"end":{"line":18,"column":3}},"line":15},"1":{"name":"(anonymous_1)","decl":{"start":{"line":19,"column":8},"end":{"line":19,"column":9}},"loc":{"start":{"line":19,"column":23},"end":{"line":22,"column":3}},"line":19},"2":{"name":"(anonymous_2)","decl":{"start":{"line":25,"column":13},"end":{"line":25,"column":14}},"loc":{"start":{"line":25,"column":24},"end":{"line":27,"column":1}},"line":25}},"branchMap":{},"s":{"0":0,"1":0,"2":0,"3":0,"4":0,"5":0,"6":0,"7":0,"8":0,"9":0,"10":0,"11":0},"f":{"0":0,"1":0,"2":0},"b":{}},"C:\\Users\\h40040\\Projetos\\EnigmaCrush\\enigma-crush-backend\\test-server.js":{"path":"C:\\Users\\h40040\\Projetos\\EnigmaCrush\\enigma-crush-backend\\test-server.js","statementMap":{"0":{"start":{"line":2,"column":16},"end":{"line":2,"column":34}},"1":{"start":{"line":3,"column":12},"end":{"line":3,"column":21}},"2":{"start":{"line":4,"column":13},"end":{"line":4,"column":37}},"3":{"start":{"line":6,"column":0},"end":{"line":12,"column":3}},"4":{"start":{"line":7,"column":2},"end":{"line":11,"column":5}},"5":{"start":{"line":14,"column":0},"end":{"line":16,"column":3}},"6":{"start":{"line":15,"column":2},"end":{"line":15,"column":53}},"7":{"start":{"line":18,"column":0},"end":{"line":20,"column":3}},"8":{"start":{"line":19,"column":2},"end":{"line":19,"column":53}}},"fnMap":{"0":{"name":"(anonymous_0)","decl":{"start":{"line":6,"column":13},"end":{"line":6,"column":14}},"loc":{"start":{"line":6,"column":27},"end":{"line":12,"column":1}},"line":6},"1":{"name":"(anonymous_1)","decl":{"start":{"line":14,"column":19},"end":{"line":14,"column":20}},"loc":{"start":{"line":14,"column":33},"end":{"line":16,"column":1}},"line":14},"2":{"name":"(anonymous_2)","decl":{"start":{"line":18,"column":17},"end":{"line":18,"column":18}},"loc":{"start":{"line":18,"column":23},"end":{"line":20,"column":1}},"line":18}},"branchMap":{"0":{"loc":{"start":{"line":4,"column":13},"end":{"line":4,"column":37}},"type":"binary-expr","locations":[{"start":{"line":4,"column":13},"end":{"line":4,"column":29}},{"start":{"line":4,"column":33},"end":{"line":4,"column":37}}],"line":4},"1":{"loc":{"start":{"line":10,"column":9},"end":{"line":10,"column":46}},"type":"binary-expr","locations":[{"start":{"line":10,"column":9},"end":{"line":10,"column":29}},{"start":{"line":10,"column":33},"end":{"line":10,"column":46}}],"line":10}},"s":{"0":0,"1":0,"2":0,"3":0,"4":0,"5":0,"6":0,"7":0,"8":0},"f":{"0":0,"1":0,"2":0},"b":{"0":[0,0],"1":[0,0]}}}}
