TN:
SF:debug-middleware.js
FN:15,(anonymous_0)
FN:19,(anonymous_1)
FN:25,(anonymous_2)
FNF:3
FNH:0
FNDA:0,(anonymous_0)
FNDA:0,(anonymous_1)
FNDA:0,(anonymous_2)
DA:1,0
DA:4,0
DA:7,0
DA:14,0
DA:16,0
DA:17,0
DA:20,0
DA:21,0
DA:25,0
DA:26,0
DA:29,0
DA:30,0
LF:12
LH:0
BRF:0
BRH:0
end_of_record
TN:
SF:index.js
FN:84,(anonymous_0)
FN:91,(anonymous_1)
FN:116,(anonymous_2)
FN:121,(anonymous_3)
FN:135,(anonymous_4)
FN:149,(anonymous_5)
FN:171,(anonymous_6)
FN:176,(anonymous_7)
FN:187,(anonymous_8)
FNF:9
FNH:1
FNDA:0,(anonymous_0)
FNDA:0,(anonymous_1)
FNDA:0,(anonymous_2)
FNDA:0,(anonymous_3)
FNDA:0,(anonymous_4)
FNDA:0,(anonymous_5)
FNDA:1,(anonymous_6)
FNDA:0,(anonymous_7)
FNDA:0,(anonymous_8)
DA:1,10
DA:2,10
DA:3,10
DA:4,10
DA:5,10
DA:6,10
DA:7,10
DA:8,10
DA:9,10
DA:10,10
DA:11,10
DA:13,10
DA:14,10
DA:15,10
DA:16,10
DA:17,10
DA:20,10
DA:21,10
DA:22,10
DA:23,10
DA:24,10
DA:25,10
DA:26,10
DA:27,10
DA:28,10
DA:29,10
DA:33,10
DA:34,10
DA:36,0
DA:37,0
DA:40,10
DA:43,10
DA:57,10
DA:58,10
DA:59,10
DA:60,10
DA:61,10
DA:62,10
DA:63,10
DA:66,10
DA:72,10
DA:75,10
DA:76,10
DA:77,10
DA:78,10
DA:79,10
DA:80,10
DA:81,10
DA:84,10
DA:85,0
DA:86,0
DA:87,0
DA:91,10
DA:92,0
DA:96,10
DA:105,10
DA:106,10
DA:107,10
DA:108,10
DA:109,10
DA:110,10
DA:111,10
DA:112,10
DA:115,10
DA:117,0
DA:118,0
DA:119,0
DA:122,0
DA:123,0
DA:124,0
DA:129,10
DA:137,0
DA:138,0
DA:139,0
DA:141,0
DA:149,10
DA:150,0
DA:151,0
DA:152,0
DA:157,0
DA:158,0
DA:160,0
DA:161,0
DA:163,0
DA:165,0
DA:166,0
DA:171,10
DA:172,1
DA:176,10
DA:177,0
DA:178,0
DA:185,10
DA:186,0
DA:187,0
DA:190,10
LF:95
LH:65
BRDA:51,0,0,10
BRDA:51,0,1,0
BRDA:118,1,0,0
BRDA:118,1,1,0
BRDA:138,2,0,0
BRDA:138,2,1,0
BRDA:151,3,0,0
BRDA:151,3,1,0
BRDA:157,4,0,0
BRDA:157,4,1,0
BRDA:157,4,2,0
BRDA:157,4,3,0
BRDA:160,5,0,0
BRDA:160,5,1,0
BRDA:160,6,0,0
BRDA:160,6,1,0
BRDA:180,7,0,0
BRDA:180,7,1,0
BRDA:185,8,0,0
BRDA:185,8,1,10
BRDA:186,9,0,0
BRDA:186,9,1,0
BRF:22
BRH:2
end_of_record
TN:
SF:config\config.js
FNF:0
FNH:0
DA:1,0
DA:3,0
LF:2
LH:0
BRDA:4,0,0,0
BRDA:4,0,1,0
BRDA:6,1,0,0
BRDA:6,1,1,0
BRDA:7,2,0,0
BRDA:7,2,1,0
BRDA:9,3,0,0
BRDA:9,3,1,0
BRF:8
BRH:0
end_of_record
TN:
SF:lib\apigratis-cpf.js
FN:7,isAtLeast16
FN:17,validateCPF_ApiGratis
FNF:2
FNH:2
FNDA:5,isAtLeast16
FNDA:9,validateCPF_ApiGratis
DA:1,11
DA:3,11
DA:8,5
DA:9,4
DA:10,4
DA:11,4
DA:12,4
DA:13,4
DA:14,4
DA:18,9
DA:20,1
DA:26,8
DA:27,8
DA:28,7
DA:29,5
DA:31,5
DA:32,4
DA:33,4
DA:35,5
DA:36,2
DA:38,3
DA:40,2
DA:42,1
DA:46,11
LF:24
LH:24
BRDA:8,0,0,1
BRDA:8,0,1,4
BRDA:13,1,0,3
BRDA:13,1,1,1
BRDA:13,2,0,4
BRDA:13,2,1,1
BRDA:13,2,2,0
BRDA:18,3,0,1
BRDA:18,3,1,8
BRDA:28,4,0,5
BRDA:28,4,1,2
BRDA:28,5,0,7
BRDA:28,5,1,7
BRDA:28,5,2,6
BRDA:31,6,0,4
BRDA:31,6,1,1
BRDA:35,7,0,2
BRDA:35,7,1,3
BRF:18
BRH:17
end_of_record
TN:
SF:lib\apigratis-whatsapp.js
FN:7,validateWhatsapp_ApiGratis
FNF:1
FNH:1
FNDA:12,validateWhatsapp_ApiGratis
DA:1,11
DA:3,11
DA:8,12
DA:10,1
DA:12,11
DA:13,11
DA:14,8
DA:15,3
DA:17,5
DA:19,3
DA:23,11
LF:11
LH:11
BRDA:8,0,0,1
BRDA:8,0,1,11
BRDA:14,1,0,3
BRDA:14,1,1,5
BRDA:14,2,0,8
BRDA:14,2,1,6
BRDA:14,2,2,5
BRDA:14,2,3,4
BRF:8
BRH:8
end_of_record
TN:
SF:lib\cpf.js
FN:2,isValidCPF
FNF:1
FNH:1
FNDA:42,isValidCPF
DA:2,11
DA:3,42
DA:4,40
DA:5,31
DA:6,21
DA:8,189
DA:9,21
DA:10,21
DA:11,21
DA:12,19
DA:13,190
DA:14,19
DA:15,19
DA:16,19
DA:17,15
LF:15
LH:15
BRDA:4,0,0,9
BRDA:4,0,1,31
BRDA:5,1,0,10
BRDA:5,1,1,21
BRDA:10,2,0,4
BRDA:10,2,1,17
BRDA:10,3,0,21
BRDA:10,3,1,17
BRDA:11,4,0,2
BRDA:11,4,1,19
BRDA:15,5,0,4
BRDA:15,5,1,15
BRDA:15,6,0,19
BRDA:15,6,1,15
BRDA:16,7,0,4
BRDA:16,7,1,15
BRF:16
BRH:16
end_of_record
TN:
SF:lib\prisma.js
FNF:0
FNH:0
DA:1,0
DA:5,0
DA:6,0
DA:9,0
DA:10,0
DA:12,0
DA:15,0
LF:7
LH:0
BRDA:5,0,0,0
BRDA:5,0,1,0
BRDA:9,1,0,0
BRDA:9,1,1,0
BRF:4
BRH:0
end_of_record
TN:
SF:lib\validation.js
FN:14,(anonymous_0)
FN:22,(anonymous_1)
FN:39,(anonymous_2)
FN:62,(anonymous_3)
FN:96,(anonymous_4)
FN:124,(anonymous_5)
FN:170,(anonymous_6)
FN:191,(anonymous_7)
FN:221,(anonymous_8)
FN:244,(anonymous_9)
FNF:10
FNH:10
FNDA:74,(anonymous_0)
FNDA:10,(anonymous_1)
FNDA:34,(anonymous_2)
FNDA:25,(anonymous_3)
FNDA:41,(anonymous_4)
FNDA:36,(anonymous_5)
FNDA:43,(anonymous_6)
FNDA:20,(anonymous_7)
FNDA:23,(anonymous_8)
FNDA:6,(anonymous_9)
DA:2,12
DA:3,12
DA:15,74
DA:16,4
DA:20,70
DA:23,10
DA:30,10
DA:40,34
DA:41,3
DA:44,31
DA:46,31
DA:47,5
DA:50,26
DA:51,0
DA:54,26
DA:63,25
DA:64,3
DA:67,22
DA:68,2
DA:71,20
DA:72,1
DA:76,19
DA:77,19
DA:78,19
DA:79,19
DA:81,19
DA:82,4
DA:88,15
DA:97,41
DA:98,5
DA:101,36
DA:103,36
DA:104,4
DA:107,32
DA:108,1
DA:112,31
DA:113,2
DA:116,29
DA:125,36
DA:126,6
DA:130,30
DA:132,30
DA:133,6
DA:137,24
DA:138,1
DA:142,23
DA:143,23
DA:144,207
DA:146,23
DA:147,23
DA:148,23
DA:149,0
DA:152,23
DA:153,23
DA:154,230
DA:156,23
DA:157,23
DA:158,23
DA:159,1
DA:162,22
DA:171,43
DA:172,6
DA:176,37
DA:179,37
DA:180,12
DA:183,25
DA:192,20
DA:193,3
DA:196,17
DA:198,17
DA:199,2
DA:202,15
DA:203,15
DA:205,15
DA:206,1
DA:209,14
DA:210,1
DA:213,13
DA:222,23
DA:223,3
DA:226,20
DA:228,20
DA:229,3
DA:232,17
DA:233,1
DA:236,16
DA:245,6
DA:246,3
DA:249,3
DA:251,3
DA:252,1
DA:255,2
DA:259,12
LF:93
LH:91
BRDA:15,0,0,4
BRDA:15,0,1,70
BRDA:40,1,0,3
BRDA:40,1,1,31
BRDA:40,2,0,34
BRDA:40,2,1,31
BRDA:46,3,0,5
BRDA:46,3,1,26
BRDA:50,4,0,0
BRDA:50,4,1,26
BRDA:63,5,0,3
BRDA:63,5,1,22
BRDA:63,6,0,25
BRDA:63,6,1,22
BRDA:67,7,0,2
BRDA:67,7,1,20
BRDA:71,8,0,1
BRDA:71,8,1,19
BRDA:81,9,0,4
BRDA:81,9,1,15
BRDA:81,10,0,19
BRDA:81,10,1,18
BRDA:81,10,2,17
BRDA:81,10,3,16
BRDA:97,11,0,5
BRDA:97,11,1,36
BRDA:97,12,0,41
BRDA:97,12,1,36
BRDA:103,13,0,4
BRDA:103,13,1,32
BRDA:107,14,0,1
BRDA:107,14,1,31
BRDA:112,15,0,2
BRDA:112,15,1,29
BRDA:125,16,0,6
BRDA:125,16,1,30
BRDA:125,17,0,36
BRDA:125,17,1,31
BRDA:132,18,0,6
BRDA:132,18,1,24
BRDA:137,19,0,1
BRDA:137,19,1,23
BRDA:147,20,0,18
BRDA:147,20,1,5
BRDA:147,21,0,23
BRDA:147,21,1,5
BRDA:148,22,0,0
BRDA:148,22,1,23
BRDA:157,23,0,1
BRDA:157,23,1,22
BRDA:157,24,0,23
BRDA:157,24,1,22
BRDA:158,25,0,1
BRDA:158,25,1,22
BRDA:171,26,0,6
BRDA:171,26,1,37
BRDA:171,27,0,43
BRDA:171,27,1,38
BRDA:179,28,0,12
BRDA:179,28,1,25
BRDA:179,29,0,37
BRDA:179,29,1,29
BRDA:192,30,0,3
BRDA:192,30,1,17
BRDA:198,31,0,2
BRDA:198,31,1,15
BRDA:205,32,0,1
BRDA:205,32,1,14
BRDA:209,33,0,1
BRDA:209,33,1,13
BRDA:222,34,0,3
BRDA:222,34,1,20
BRDA:222,35,0,23
BRDA:222,35,1,20
BRDA:228,36,0,3
BRDA:228,36,1,17
BRDA:232,37,0,1
BRDA:232,37,1,16
BRDA:245,38,0,3
BRDA:245,38,1,3
BRDA:245,39,0,6
BRDA:245,39,1,3
BRDA:251,40,0,1
BRDA:251,40,1,2
BRF:84
BRH:82
end_of_record
TN:
SF:middleware\authMiddleware.js
FN:5,(anonymous_0)
FN:34,(anonymous_1)
FN:57,(anonymous_2)
FN:85,(anonymous_3)
FNF:4
FNH:4
FNDA:8,(anonymous_0)
FNDA:4,(anonymous_1)
FNDA:4,(anonymous_2)
FNDA:5,(anonymous_3)
DA:1,8
DA:2,8
DA:3,8
DA:5,8
DA:7,8
DA:8,0
DA:9,0
DA:13,8
DA:16,8
DA:17,8
DA:18,8
DA:19,5
DA:23,8
DA:24,3
DA:25,3
DA:29,5
DA:30,1
DA:31,1
DA:34,4
DA:35,4
DA:36,3
DA:37,3
DA:38,1
DA:40,2
DA:41,1
DA:43,1
DA:47,1
DA:48,1
DA:49,1
DA:52,0
DA:53,0
DA:57,8
DA:58,4
DA:59,3
DA:61,3
DA:62,3
DA:63,1
DA:64,1
DA:67,2
DA:73,1
DA:75,1
DA:77,1
DA:78,1
DA:82,2
DA:85,8
DA:86,5
DA:87,4
DA:89,4
DA:90,4
DA:91,0
DA:92,0
DA:95,4
DA:100,3
DA:101,1
DA:102,1
DA:105,2
DA:106,2
DA:107,2
DA:108,2
DA:111,2
DA:112,1
DA:113,1
DA:117,1
DA:118,0
DA:121,1
DA:122,1
DA:125,2
DA:128,8
LF:68
LH:61
BRDA:7,0,0,0
BRDA:7,0,1,8
BRDA:16,1,0,8
BRDA:16,1,1,0
BRDA:18,2,0,5
BRDA:18,2,1,3
BRDA:18,3,0,8
BRDA:18,3,1,5
BRDA:23,4,0,3
BRDA:23,4,1,5
BRDA:29,5,0,1
BRDA:29,5,1,4
BRDA:29,6,0,5
BRDA:29,6,1,5
BRDA:35,7,0,3
BRDA:35,7,1,1
BRDA:37,8,0,1
BRDA:37,8,1,2
BRDA:40,9,0,1
BRDA:40,9,1,1
BRDA:47,10,0,1
BRDA:47,10,1,0
BRDA:47,11,0,1
BRDA:47,11,1,1
BRDA:47,11,2,0
BRDA:58,12,0,3
BRDA:58,12,1,1
BRDA:58,13,0,4
BRDA:58,13,1,3
BRDA:62,14,0,1
BRDA:62,14,1,2
BRDA:62,15,0,3
BRDA:62,15,1,2
BRDA:77,16,0,1
BRDA:77,16,1,0
BRDA:86,17,0,4
BRDA:86,17,1,1
BRDA:86,18,0,5
BRDA:86,18,1,4
BRDA:90,19,0,0
BRDA:90,19,1,4
BRDA:90,20,0,4
BRDA:90,20,1,4
BRDA:100,21,0,1
BRDA:100,21,1,2
BRDA:111,22,0,1
BRDA:111,22,1,1
BRDA:117,23,0,0
BRDA:117,23,1,1
BRF:49
BRH:42
end_of_record
TN:
SF:middleware\errorHandler.js
FN:1,(anonymous_0)
FNF:1
FNH:1
FNDA:7,(anonymous_0)
DA:1,1
DA:2,7
DA:4,7
DA:5,7
DA:7,7
LF:5
LH:5
BRDA:4,0,0,7
BRDA:4,0,1,1
BRDA:5,1,0,7
BRDA:5,1,1,1
BRDA:9,2,0,1
BRDA:9,2,1,6
BRF:6
BRH:6
end_of_record
TN:
SF:middleware\rateLimit.js
FN:16,(anonymous_0)
FN:20,(anonymous_1)
FN:24,(anonymous_2)
FN:41,(anonymous_3)
FN:45,(anonymous_4)
FN:49,(anonymous_5)
FN:66,(anonymous_6)
FN:70,(anonymous_7)
FN:87,(anonymous_8)
FN:91,(anonymous_9)
FN:108,(anonymous_10)
FN:112,(anonymous_11)
FNF:12
FNH:5
FNDA:33,(anonymous_0)
FNDA:0,(anonymous_1)
FNDA:0,(anonymous_2)
FNDA:2,(anonymous_3)
FNDA:0,(anonymous_4)
FNDA:0,(anonymous_5)
FNDA:1,(anonymous_6)
FNDA:0,(anonymous_7)
FNDA:157,(anonymous_8)
FNDA:0,(anonymous_9)
FNDA:28,(anonymous_10)
FNDA:0,(anonymous_11)
DA:1,11
DA:4,11
DA:18,33
DA:22,0
DA:25,0
DA:26,0
DA:31,11
DA:43,2
DA:47,0
DA:50,0
DA:51,0
DA:56,11
DA:68,1
DA:71,0
DA:72,0
DA:77,11
DA:89,157
DA:92,0
DA:93,0
DA:98,11
DA:110,28
DA:113,0
DA:114,0
DA:118,11
LF:24
LH:12
BRDA:22,0,0,0
BRDA:22,0,1,0
BRDA:47,1,0,0
BRDA:47,1,1,0
BRDA:89,2,0,157
BRDA:89,2,1,0
BRDA:89,2,2,0
BRF:7
BRH:1
end_of_record
TN:
SF:routes\auth.js
FN:24,(anonymous_0)
FN:42,(anonymous_1)
FN:67,(anonymous_2)
FN:75,(anonymous_3)
FN:116,(anonymous_4)
FN:124,(anonymous_5)
FN:188,(anonymous_6)
FN:199,(anonymous_7)
FNF:8
FNH:6
FNDA:2,(anonymous_0)
FNDA:6,(anonymous_1)
FNDA:1,(anonymous_2)
FNDA:2,(anonymous_3)
FNDA:0,(anonymous_4)
FNDA:3,(anonymous_5)
FNDA:1,(anonymous_6)
FNDA:0,(anonymous_7)
DA:2,10
DA:3,10
DA:4,10
DA:5,10
DA:6,10
DA:7,10
DA:10,10
DA:11,10
DA:12,0
DA:14,10
DA:16,10
DA:18,10
DA:21,10
DA:24,10
DA:26,2
DA:33,2
DA:39,2
DA:42,10
DA:43,6
DA:46,6
DA:47,6
DA:48,1
DA:51,5
DA:52,0
DA:55,5
DA:56,0
DA:59,5
DA:60,5
DA:63,5
DA:65,5
DA:67,1
DA:68,1
DA:70,4
DA:71,4
DA:73,2
DA:75,2
DA:76,2
DA:80,2
DA:83,2
DA:86,2
DA:93,2
DA:102,2
DA:110,0
DA:111,0
DA:116,10
DA:117,0
DA:118,0
DA:120,0
DA:124,10
DA:125,3
DA:128,3
DA:129,1
DA:135,2
DA:137,2
DA:140,1
DA:141,1
DA:142,1
DA:149,0
DA:152,0
DA:159,0
DA:168,0
DA:179,1
DA:180,1
DA:188,10
DA:190,1
DA:191,1
DA:195,1
DA:199,10
DA:200,0
DA:203,0
DA:204,0
DA:210,0
DA:211,0
DA:212,0
DA:215,0
DA:216,0
DA:219,0
DA:221,0
DA:225,0
DA:226,0
DA:230,0
DA:231,0
DA:232,0
DA:236,0
DA:237,0
DA:238,0
DA:244,0
DA:247,0
DA:250,0
DA:255,0
DA:257,0
DA:263,0
DA:264,0
DA:271,10
LF:94
LH:57
BRDA:11,0,0,0
BRDA:11,0,1,10
BRDA:14,1,0,10
BRDA:14,1,1,0
BRDA:16,2,0,10
BRDA:16,2,1,10
BRDA:18,3,0,10
BRDA:18,3,1,0
BRDA:47,4,0,1
BRDA:47,4,1,5
BRDA:51,5,0,0
BRDA:51,5,1,5
BRDA:51,6,0,5
BRDA:51,6,1,5
BRDA:55,7,0,0
BRDA:55,7,1,5
BRDA:65,8,0,1
BRDA:65,8,1,4
BRDA:71,9,0,2
BRDA:71,9,1,2
BRDA:118,10,0,0
BRDA:118,10,1,0
BRDA:128,11,0,1
BRDA:128,11,1,2
BRDA:141,12,0,1
BRDA:141,12,1,0
BRDA:203,13,0,0
BRDA:203,13,1,0
BRDA:203,14,0,0
BRDA:203,14,1,0
BRDA:211,15,0,0
BRDA:211,15,1,0
BRDA:215,16,0,0
BRDA:215,16,1,0
BRDA:215,17,0,0
BRDA:215,17,1,0
BRDA:225,18,0,0
BRDA:225,18,1,0
BRDA:231,19,0,0
BRDA:231,19,1,0
BRDA:237,20,0,0
BRDA:237,20,1,0
BRF:42
BRH:18
end_of_record
TN:
SF:routes\dashboard.js
FN:8,(anonymous_0)
FNF:1
FNH:1
FNDA:16,(anonymous_0)
DA:2,10
DA:3,10
DA:4,10
DA:5,10
DA:8,10
DA:9,16
DA:11,16
DA:12,2
DA:16,14
DA:17,1
DA:20,13
DA:21,13
DA:22,11
DA:24,10
DA:30,9
DA:32,3
DA:33,3
DA:37,10
LF:18
LH:18
BRDA:11,0,0,2
BRDA:11,0,1,14
BRDA:16,1,0,1
BRDA:16,1,1,13
BRDA:16,2,0,14
BRDA:16,2,1,2
BRDA:22,3,0,1
BRDA:22,3,1,10
BRF:8
BRH:8
end_of_record
TN:
SF:routes\hint.js
FN:19,(anonymous_0)
FN:22,(anonymous_1)
FN:65,(anonymous_2)
FN:68,(anonymous_3)
FN:98,(anonymous_4)
FN:110,(anonymous_5)
FN:129,(anonymous_6)
FN:132,(anonymous_7)
FNF:8
FNH:6
FNDA:11,(anonymous_0)
FNDA:2,(anonymous_1)
FNDA:5,(anonymous_2)
FNDA:0,(anonymous_3)
FNDA:5,(anonymous_4)
FNDA:3,(anonymous_5)
FNDA:6,(anonymous_6)
FNDA:0,(anonymous_7)
DA:1,10
DA:2,10
DA:3,10
DA:4,10
DA:5,10
DA:7,10
DA:10,10
DA:11,10
DA:14,10
DA:20,11
DA:21,11
DA:22,2
DA:25,9
DA:26,9
DA:27,9
DA:29,9
DA:30,9
DA:33,9
DA:34,1
DA:38,9
DA:39,8
DA:40,1
DA:43,8
DA:53,8
DA:57,1
DA:58,1
DA:63,10
DA:66,5
DA:67,5
DA:68,0
DA:71,5
DA:72,5
DA:76,4
DA:78,2
DA:83,1
DA:92,2
DA:93,2
DA:98,10
DA:99,5
DA:100,5
DA:101,5
DA:102,4
DA:103,3
DA:110,3
DA:119,3
DA:121,1
DA:122,1
DA:127,10
DA:130,6
DA:131,6
DA:132,0
DA:135,6
DA:137,6
DA:138,5
DA:139,1
DA:143,4
DA:144,3
DA:148,3
DA:149,1
DA:154,3
DA:155,2
DA:157,2
DA:159,2
DA:160,2
DA:164,10
LF:65
LH:63
BRDA:21,0,0,2
BRDA:21,0,1,9
BRDA:33,1,0,1
BRDA:33,1,1,8
BRDA:33,2,0,9
BRDA:33,2,1,2
BRDA:39,3,0,1
BRDA:39,3,1,7
BRDA:48,4,0,8
BRDA:48,4,1,7
BRDA:49,5,0,8
BRDA:49,5,1,7
BRDA:67,6,0,0
BRDA:67,6,1,5
BRDA:76,7,0,2
BRDA:76,7,1,2
BRDA:102,8,0,1
BRDA:102,8,1,3
BRDA:115,9,0,3
BRDA:115,9,1,1
BRDA:131,10,0,0
BRDA:131,10,1,6
BRDA:138,11,0,1
BRDA:138,11,1,4
BRDA:143,12,0,3
BRDA:143,12,1,1
BRDA:148,13,0,1
BRDA:148,13,1,2
BRF:28
BRH:26
end_of_record
TN:
SF:routes\interaction.js
FN:10,(anonymous_0)
FN:72,(anonymous_1)
FN:109,(anonymous_2)
FN:141,(anonymous_3)
FNF:4
FNH:4
FNDA:14,(anonymous_0)
FNDA:9,(anonymous_1)
FNDA:5,(anonymous_2)
FNDA:7,(anonymous_3)
DA:3,10
DA:4,10
DA:5,10
DA:6,10
DA:7,10
DA:10,10
DA:11,14
DA:14,14
DA:15,2
DA:19,12
DA:20,2
DA:23,10
DA:24,10
DA:25,1
DA:28,9
DA:29,1
DA:32,8
DA:34,8
DA:37,8
DA:42,7
DA:43,1
DA:47,6
DA:48,6
DA:52,6
DA:53,2
DA:56,4
DA:64,4
DA:66,1
DA:67,1
DA:72,10
DA:73,9
DA:74,9
DA:77,9
DA:78,2
DA:82,7
DA:84,7
DA:89,6
DA:90,1
DA:95,5
DA:101,5
DA:103,1
DA:104,1
DA:109,10
DA:110,5
DA:111,5
DA:113,5
DA:114,2
DA:117,3
DA:119,3
DA:120,2
DA:121,1
DA:125,1
DA:133,1
DA:135,1
DA:136,1
DA:141,10
DA:142,7
DA:143,7
DA:145,7
DA:146,2
DA:149,5
DA:151,5
DA:159,4
DA:160,3
DA:163,1
DA:171,1
DA:173,1
DA:174,1
DA:178,10
LF:69
LH:69
BRDA:14,0,0,2
BRDA:14,0,1,12
BRDA:14,1,0,14
BRDA:14,1,1,13
BRDA:14,1,2,12
BRDA:19,2,0,2
BRDA:19,2,1,10
BRDA:19,3,0,12
BRDA:19,3,1,11
BRDA:24,4,0,1
BRDA:24,4,1,9
BRDA:28,5,0,1
BRDA:28,5,1,8
BRDA:42,6,0,1
BRDA:42,6,1,6
BRDA:52,7,0,2
BRDA:52,7,1,4
BRDA:77,8,0,2
BRDA:77,8,1,7
BRDA:77,9,0,9
BRDA:77,9,1,9
BRDA:77,9,2,8
BRDA:89,10,0,1
BRDA:89,10,1,5
BRDA:113,11,0,2
BRDA:113,11,1,3
BRDA:113,12,0,5
BRDA:113,12,1,3
BRDA:120,13,0,1
BRDA:120,13,1,1
BRDA:145,14,0,2
BRDA:145,14,1,5
BRDA:159,15,0,3
BRDA:159,15,1,1
BRF:34
BRH:34
end_of_record
TN:
SF:routes\message.js
FN:8,(anonymous_0)
FN:49,(anonymous_1)
FN:134,(anonymous_2)
FN:179,(anonymous_3)
FN:195,(anonymous_4)
FNF:5
FNH:5
FNDA:4,(anonymous_0)
FNDA:10,(anonymous_1)
FNDA:6,(anonymous_2)
FNDA:2,(anonymous_3)
FNDA:4,(anonymous_4)
DA:1,10
DA:2,10
DA:3,10
DA:4,10
DA:5,10
DA:8,10
DA:9,4
DA:10,4
DA:11,4
DA:23,3
DA:24,1
DA:28,2
DA:38,1
DA:40,2
DA:41,2
DA:42,1
DA:44,1
DA:49,10
DA:59,10
DA:62,10
DA:63,10
DA:64,1
DA:68,9
DA:69,1
DA:73,8
DA:74,1
DA:78,7
DA:79,7
DA:80,5
DA:81,5
DA:82,1
DA:84,4
DA:88,6
DA:89,6
DA:90,1
DA:91,1
DA:92,1
DA:94,0
DA:98,5
DA:99,5
DA:100,1
DA:101,1
DA:102,1
DA:104,0
DA:107,4
DA:109,4
DA:111,4
DA:126,3
DA:128,1
DA:129,1
DA:134,10
DA:135,6
DA:136,6
DA:139,6
DA:140,0
DA:144,6
DA:145,6
DA:146,1
DA:150,5
DA:151,1
DA:153,4
DA:155,4
DA:156,3
DA:157,1
DA:160,2
DA:163,2
DA:171,2
DA:173,1
DA:174,1
DA:179,10
DA:180,2
DA:181,2
DA:187,1
DA:189,1
DA:190,1
DA:195,10
DA:196,4
DA:197,4
DA:199,4
DA:201,3
DA:202,1
DA:204,3
DA:205,3
DA:206,2
DA:208,1
DA:212,10
LF:86
LH:83
BRDA:23,0,0,1
BRDA:23,0,1,2
BRDA:41,1,0,1
BRDA:41,1,1,1
BRDA:63,2,0,1
BRDA:63,2,1,9
BRDA:68,3,0,1
BRDA:68,3,1,8
BRDA:68,4,0,9
BRDA:68,4,1,8
BRDA:73,5,0,1
BRDA:73,5,1,7
BRDA:73,6,0,8
BRDA:73,6,1,8
BRDA:79,7,0,5
BRDA:79,7,1,2
BRDA:81,8,0,1
BRDA:81,8,1,4
BRDA:89,9,0,1
BRDA:89,9,1,5
BRDA:91,10,0,1
BRDA:91,10,1,0
BRDA:99,11,0,1
BRDA:99,11,1,4
BRDA:101,12,0,1
BRDA:101,12,1,0
BRDA:114,13,0,4
BRDA:114,13,1,3
BRDA:120,14,0,4
BRDA:120,14,1,3
BRDA:139,15,0,0
BRDA:139,15,1,6
BRDA:139,16,0,6
BRDA:139,16,1,6
BRDA:145,17,0,1
BRDA:145,17,1,5
BRDA:150,18,0,1
BRDA:150,18,1,4
BRDA:156,19,0,1
BRDA:156,19,1,2
BRDA:205,20,0,2
BRDA:205,20,1,1
BRDA:205,21,0,3
BRDA:205,21,1,2
BRDA:205,21,2,2
BRF:45
BRH:42
end_of_record
TN:
SF:routes\register.js
FN:17,(anonymous_0)
FNF:1
FNH:1
FNDA:16,(anonymous_0)
DA:2,10
DA:3,10
DA:4,10
DA:5,10
DA:6,10
DA:7,10
DA:8,10
DA:9,10
DA:10,10
DA:12,10
DA:13,0
DA:14,0
DA:17,10
DA:18,16
DA:21,16
DA:22,16
DA:23,1
DA:26,15
DA:27,15
DA:28,1
DA:31,14
DA:32,14
DA:33,1
DA:36,13
DA:37,13
DA:38,1
DA:41,12
DA:42,12
DA:43,1
DA:46,11
DA:47,11
DA:48,10
DA:49,10
DA:50,1
DA:54,10
DA:56,10
DA:57,10
DA:58,10
DA:59,10
DA:60,10
DA:62,10
DA:63,9
DA:64,1
DA:68,8
DA:69,8
DA:70,1
DA:74,7
DA:76,7
DA:88,7
DA:95,7
DA:108,7
DA:111,7
DA:120,1
DA:121,1
DA:125,10
LF:55
LH:53
BRDA:10,0,0,10
BRDA:10,0,1,0
BRDA:12,1,0,0
BRDA:12,1,1,10
BRDA:22,2,0,1
BRDA:22,2,1,15
BRDA:27,3,0,1
BRDA:27,3,1,14
BRDA:32,4,0,1
BRDA:32,4,1,13
BRDA:37,5,0,1
BRDA:37,5,1,12
BRDA:42,6,0,1
BRDA:42,6,1,11
BRDA:47,7,0,10
BRDA:47,7,1,1
BRDA:49,8,0,1
BRDA:49,8,1,9
BRDA:63,9,0,1
BRDA:63,9,1,8
BRDA:69,10,0,1
BRDA:69,10,1,7
BRF:22
BRH:20
end_of_record
TN:
SF:routes\user.js
FN:7,(anonymous_0)
FNF:1
FNH:1
FNDA:17,(anonymous_0)
DA:1,10
DA:2,10
DA:3,10
DA:4,10
DA:7,10
DA:8,17
DA:11,17
DA:12,17
DA:13,3
DA:17,14
DA:18,0
DA:21,14
DA:22,1
DA:25,13
DA:27,13
DA:29,13
DA:42,11
DA:43,11
DA:45,2
DA:47,2
DA:51,10
LF:21
LH:20
BRDA:12,0,0,3
BRDA:12,0,1,14
BRDA:17,1,0,0
BRDA:17,1,1,14
BRDA:21,2,0,1
BRDA:21,2,1,13
BRF:6
BRH:5
end_of_record
TN:
SF:routes\validate.js
FN:10,(anonymous_0)
FN:41,(anonymous_1)
FNF:2
FNH:2
FNDA:16,(anonymous_0)
FNDA:24,(anonymous_1)
DA:1,10
DA:2,10
DA:3,10
DA:4,10
DA:5,10
DA:7,10
DA:10,10
DA:11,16
DA:14,16
DA:15,16
DA:16,7
DA:22,9
DA:24,9
DA:26,9
DA:27,1
DA:29,6
DA:30,5
DA:31,1
DA:33,4
DA:35,3
DA:36,3
DA:41,10
DA:42,24
DA:45,24
DA:46,24
DA:47,11
DA:53,13
DA:55,13
DA:57,13
DA:58,11
DA:59,1
DA:61,10
DA:63,2
DA:64,2
DA:68,10
LF:35
LH:35
BRDA:15,0,0,7
BRDA:15,0,1,9
BRDA:26,1,0,1
BRDA:26,1,1,6
BRDA:30,2,0,1
BRDA:30,2,1,4
BRDA:46,3,0,11
BRDA:46,3,1,13
BRDA:58,4,0,1
BRDA:58,4,1,10
BRF:10
BRH:10
end_of_record
